2020-01-19 13:52:33,117 INFO  [LoggingDetails] DSL Calculator opened 
2020-01-19 13:52:36,489 INFO  [LoggingDetails] prefix entered for tariff details 
2020-01-19 13:52:45,723 INFO  [LoggingDetails] Tariff Details clicked done 
2020-01-19 13:52:47,413 INFO  [LoggingDetails] tariffs details buttons shown are:  21 
2020-01-19 13:52:47,882 INFO  [LoggingDetails] tariff selected 
2020-01-19 13:52:50,549 INFO  [LoggingDetails] selected tarrif detail is shown 
2020-01-19 13:52:50,965 INFO  [LoggingDetails] assertion done to see 5min videlo link 
2020-01-19 14:10:21,928 INFO  [LoggingDetails] DSL Calculator opened 
2020-01-19 14:10:25,251 INFO  [LoggingDetails] prefix entered for tariff details 
2020-01-19 14:10:32,557 INFO  [LoggingDetails] Tariff Details clicked done 
2020-01-19 14:10:33,007 INFO  [LoggingDetails] tariffs details buttons shown are:  21 
2020-01-19 14:10:33,393 INFO  [LoggingDetails] tariff selected and opened in next step 
2020-01-19 14:10:34,638 INFO  [LoggingDetails] https://www.verivox.de/internetanbieter/telekom/351335/?cable=1&cl=24&clu=3&customer=1&customerType=2&downSpeed=50000&dsl=1&freeHardwareWanted=0&iNew=eyJmaWx0ZXIiOlsyNCwiZXhpc3RpbmdDdXN0b21lciIsInRydWUiLDIwLDE2MDAwLDEsIjAzMCIsbnVsbCxudWxsLDEsbnVsbCxudWxsLG51bGwsMCwidG90YWxDb3N0IiwidXAiLCJmbGF0cmF0ZSIsbnVsbCxudWxsLG51bGwsbnVsbCxudWxsXX0=&includeCashBackCampaigns=1&isForBusinessCustomers=0&isForStudents=0&isSpecialOffer=0&newBroadbandApp=1&prefix=030&productCampaignId=19103&productId=351335&remainingTerm=0&satellite=1&simcard=0&surfstick=0&telephony=2&thome=0&trafficLimitation=1&tv=0&upSpeed=10000&vierg=0&voucher=1&wlan=0 
2020-01-19 14:10:36,092 INFO  [LoggingDetails] assertion done to see 5min videlo link 
2020-01-19 14:12:27,216 INFO  [LoggingDetails] DSL Calculator opened 
2020-01-19 14:12:30,540 INFO  [LoggingDetails] prefix entered for tariff details 
2020-01-19 14:12:35,379 INFO  [LoggingDetails] Tariff Details clicked done 
2020-01-19 14:12:38,873 INFO  [LoggingDetails] tariffs details buttons shown are:  21 
2020-01-19 14:12:50,316 INFO  [LoggingDetails] tariff selected and opened in next step 
2020-01-19 14:13:38,609 INFO  [LoggingDetails] DSL Calculator opened 
2020-01-19 14:13:41,924 INFO  [LoggingDetails] prefix entered for tariff details 
2020-01-19 14:13:48,012 INFO  [LoggingDetails] Tariff Details clicked done 
2020-01-19 14:13:49,309 INFO  [LoggingDetails] tariffs details buttons shown are:  21 
2020-01-19 14:13:49,646 INFO  [LoggingDetails] tariff selected and opened in next step 
2020-01-19 14:15:15,945 INFO  [LoggingDetails] DSL Calculator opened 
2020-01-19 14:15:19,265 INFO  [LoggingDetails] prefix entered for tariff details 
2020-01-19 14:15:26,998 INFO  [LoggingDetails] Tariff Details clicked done 
2020-01-19 14:15:27,530 INFO  [LoggingDetails] tariffs details buttons shown are:  21 
2020-01-19 14:15:46,740 INFO  [LoggingDetails] tariff selected and opened in next step 
2020-01-19 14:16:19,291 INFO  [LoggingDetails] https://www.verivox.de/internetanbieter/telekom/351335/?cable=1&cl=24&clu=3&customer=1&customerType=2&downSpeed=50000&dsl=1&freeHardwareWanted=0&iNew=eyJmaWx0ZXIiOlsyNCwiZXhpc3RpbmdDdXN0b21lciIsInRydWUiLDIwLDE2MDAwLDEsIjAzMCIsbnVsbCxudWxsLDEsbnVsbCxudWxsLG51bGwsMCwidG90YWxDb3N0IiwidXAiLCJmbGF0cmF0ZSIsbnVsbCxudWxsLG51bGwsbnVsbCxudWxsXX0=&includeCashBackCampaigns=1&isForBusinessCustomers=0&isForStudents=0&isSpecialOffer=0&newBroadbandApp=1&prefix=030&productCampaignId=19103&productId=351335&remainingTerm=0&satellite=1&simcard=0&surfstick=0&telephony=2&thome=0&trafficLimitation=1&tv=0&upSpeed=10000&vierg=0&voucher=1&wlan=0#/offer 
2020-01-19 14:16:36,470 INFO  [LoggingDetails] assertion done to see 5min videlo link 
2020-01-19 14:17:04,585 INFO  [LoggingDetails] DSL Calculator opened 
2020-01-19 14:17:07,909 INFO  [LoggingDetails] prefix entered for tariff details 
2020-01-19 14:17:11,758 INFO  [LoggingDetails] Tariff Details clicked done 
2020-01-19 14:17:16,120 INFO  [LoggingDetails] tariffs details buttons shown are:  21 
2020-01-19 14:18:24,289 INFO  [LoggingDetails] tariff selected and opened in next step 
2020-01-19 14:18:30,548 INFO  [LoggingDetails] https://www.verivox.de/internetanbieter/telekom/351335/?cable=1&cl=24&clu=3&customer=1&customerType=2&downSpeed=50000&dsl=1&freeHardwareWanted=0&iNew=eyJmaWx0ZXIiOlsyNCwiZXhpc3RpbmdDdXN0b21lciIsInRydWUiLDIwLDE2MDAwLDEsIjAzMCIsbnVsbCxudWxsLDEsbnVsbCxudWxsLG51bGwsMCwidG90YWxDb3N0IiwidXAiLCJmbGF0cmF0ZSIsbnVsbCxudWxsLG51bGwsbnVsbCxudWxsXX0=&includeCashBackCampaigns=1&isForBusinessCustomers=0&isForStudents=0&isSpecialOffer=0&newBroadbandApp=1&prefix=030&productCampaignId=19103&productId=351335&remainingTerm=0&satellite=1&simcard=0&surfstick=0&telephony=2&thome=0&trafficLimitation=1&tv=0&upSpeed=10000&vierg=0&voucher=1&wlan=0#/offer 
2020-01-19 14:18:30,636 INFO  [LoggingDetails] assertion done to see 5min videlo link 
2020-01-19 14:19:34,883 INFO  [LoggingDetails] DSL Calculator opened 
2020-01-19 14:19:38,201 INFO  [LoggingDetails] prefix entered for tariff details 
2020-01-19 14:19:46,313 INFO  [LoggingDetails] Tariff Details clicked done 
2020-01-19 14:19:46,525 INFO  [LoggingDetails] tariffs details buttons shown are:  21 
2020-01-19 14:19:59,644 INFO  [LoggingDetails] tariff selected and opened in next step 
2020-01-19 14:20:03,135 INFO  [LoggingDetails] https://www.verivox.de/internetanbieter/telekom/351335/?cable=1&cl=24&clu=3&customer=1&customerType=2&downSpeed=50000&dsl=1&freeHardwareWanted=0&iNew=eyJmaWx0ZXIiOlsyNCwiZXhpc3RpbmdDdXN0b21lciIsInRydWUiLDIwLDE2MDAwLDEsIjAzMCIsbnVsbCxudWxsLDEsbnVsbCxudWxsLG51bGwsMCwidG90YWxDb3N0IiwidXAiLCJmbGF0cmF0ZSIsbnVsbCxudWxsLG51bGwsbnVsbCxudWxsXX0=&includeCashBackCampaigns=1&isForBusinessCustomers=0&isForStudents=0&isSpecialOffer=0&newBroadbandApp=1&prefix=030&productCampaignId=19103&productId=351335&remainingTerm=0&satellite=1&simcard=0&surfstick=0&telephony=2&thome=0&trafficLimitation=1&tv=0&upSpeed=10000&vierg=0&voucher=1&wlan=0#/offer 
2020-01-19 14:20:03,256 INFO  [LoggingDetails] assertion done to see 5min videlo link 
2020-01-19 14:22:39,514 INFO  [LoggingDetails] DSL Calculator opened 
2020-01-19 14:22:42,832 INFO  [LoggingDetails] prefix entered for tariff details 
2020-01-19 14:22:46,316 INFO  [LoggingDetails] Tariff Details clicked done 
2020-01-19 14:22:48,960 INFO  [LoggingDetails] tariffs details buttons shown are:  21 
2020-01-19 14:23:40,056 INFO  [LoggingDetails] DSL Calculator opened 
2020-01-19 14:23:43,386 INFO  [LoggingDetails] prefix entered for tariff details 
2020-01-19 14:23:50,094 INFO  [LoggingDetails] Tariff Details clicked done 
2020-01-19 14:23:50,577 INFO  [LoggingDetails] tariffs details buttons shown are:  21 
2020-01-19 14:24:01,860 INFO  [LoggingDetails] tariff selected and opened in next step 
2020-01-19 14:24:07,791 INFO  [LoggingDetails] https://www.verivox.de/internetanbieter/telekom/351335/?cable=1&cl=24&clu=3&customer=1&customerType=2&downSpeed=50000&dsl=1&freeHardwareWanted=0&iNew=eyJmaWx0ZXIiOlsyNCwiZXhpc3RpbmdDdXN0b21lciIsInRydWUiLDIwLDE2MDAwLDEsIjAzMCIsbnVsbCxudWxsLDEsbnVsbCxudWxsLG51bGwsMCwidG90YWxDb3N0IiwidXAiLCJmbGF0cmF0ZSIsbnVsbCxudWxsLG51bGwsbnVsbCxudWxsXX0=&includeCashBackCampaigns=1&isForBusinessCustomers=0&isForStudents=0&isSpecialOffer=0&newBroadbandApp=1&prefix=030&productCampaignId=19103&productId=351335&remainingTerm=0&satellite=1&simcard=0&surfstick=0&telephony=2&thome=0&trafficLimitation=1&tv=0&upSpeed=10000&vierg=0&voucher=1&wlan=0#/offer 
2020-01-19 14:24:07,872 INFO  [LoggingDetails] assertion done to see 5min videlo link 
2020-01-19 14:24:35,759 INFO  [LoggingDetails] DSL Calculator opened 
2020-01-19 14:24:39,078 INFO  [LoggingDetails] prefix entered for tariff details 
2020-01-19 14:24:46,855 INFO  [LoggingDetails] Tariff Details clicked done 
2020-01-19 14:24:47,273 INFO  [LoggingDetails] tariffs details buttons shown are:  21 
2020-01-19 14:24:52,309 INFO  [LoggingDetails] tariff selected and opened in next step 
2020-01-19 14:24:53,482 INFO  [LoggingDetails] https://www.verivox.de/internetanbieter/telekom/351335/?cable=1&cl=24&clu=3&customer=1&customerType=2&downSpeed=50000&dsl=1&freeHardwareWanted=0&iNew=eyJmaWx0ZXIiOlsyNCwiZXhpc3RpbmdDdXN0b21lciIsInRydWUiLDIwLDE2MDAwLDEsIjAzMCIsbnVsbCxudWxsLDEsbnVsbCxudWxsLG51bGwsMCwidG90YWxDb3N0IiwidXAiLCJmbGF0cmF0ZSIsbnVsbCxudWxsLG51bGwsbnVsbCxudWxsXX0=&includeCashBackCampaigns=1&isForBusinessCustomers=0&isForStudents=0&isSpecialOffer=0&newBroadbandApp=1&prefix=030&productCampaignId=19103&productId=351335&remainingTerm=0&satellite=1&simcard=0&surfstick=0&telephony=2&thome=0&trafficLimitation=1&tv=0&upSpeed=10000&vierg=0&voucher=1&wlan=0 
2020-01-19 14:24:54,579 INFO  [LoggingDetails] assertion done to see 5min videlo link 
2020-01-19 14:26:02,256 INFO  [LoggingDetails] DSL Calculator opened 
2020-01-19 14:26:05,590 INFO  [LoggingDetails] prefix entered for tariff details 
2020-01-19 14:26:13,033 INFO  [LoggingDetails] Tariff Details clicked done 
2020-01-19 14:26:13,383 INFO  [LoggingDetails] tariffs details buttons shown are:  21 
2020-01-19 14:26:17,962 INFO  [LoggingDetails] tariff selected and opened in next step 
2020-01-19 14:27:11,895 INFO  [LoggingDetails] DSL Calculator opened 
2020-01-19 14:27:15,233 INFO  [LoggingDetails] prefix entered for tariff details 
2020-01-19 14:27:21,803 INFO  [LoggingDetails] Tariff Details clicked done 
2020-01-19 14:27:23,062 INFO  [LoggingDetails] tariffs details buttons shown are:  21 
2020-01-19 14:27:43,753 INFO  [LoggingDetails] tariff selected and opened in next step 
2020-01-19 14:27:50,845 INFO  [LoggingDetails] https://www.verivox.de/internetanbieter/telekom/351335/?cable=1&cl=24&clu=3&customer=1&customerType=2&downSpeed=50000&dsl=1&freeHardwareWanted=0&iNew=eyJmaWx0ZXIiOlsyNCwiZXhpc3RpbmdDdXN0b21lciIsInRydWUiLDIwLDE2MDAwLDEsIjAzMCIsbnVsbCxudWxsLDEsbnVsbCxudWxsLG51bGwsMCwidG90YWxDb3N0IiwidXAiLCJmbGF0cmF0ZSIsbnVsbCxudWxsLG51bGwsbnVsbCxudWxsXX0=&includeCashBackCampaigns=1&isForBusinessCustomers=0&isForStudents=0&isSpecialOffer=0&newBroadbandApp=1&prefix=030&productCampaignId=19103&productId=351335&remainingTerm=0&satellite=1&simcard=0&surfstick=0&telephony=2&thome=0&trafficLimitation=1&tv=0&upSpeed=10000&vierg=0&voucher=1&wlan=0#/offer 
2020-01-19 14:27:50,905 INFO  [LoggingDetails] assertion done to see 5min videlo link 
2020-01-19 14:56:58,306 INFO  [LoggingDetails] DSL Calculator opened 
2020-01-19 14:57:01,579 INFO  [LoggingDetails] prefix entered for tariff details 
2020-01-19 14:57:08,705 INFO  [LoggingDetails] Tariff Details clicked done 
2020-01-19 14:57:10,125 INFO  [LoggingDetails] tariffs details buttons shown are:  21 
2020-01-19 14:57:14,571 INFO  [LoggingDetails] tariff selected and opened in next step 
2020-01-19 14:59:09,268 INFO  [LoggingDetails] tariff selected and opened in next step 
2020-01-19 15:01:32,095 INFO  [LoggingDetails] DSL Calculator opened 
2020-01-19 15:01:35,384 INFO  [LoggingDetails] prefix entered for tariff details 
2020-01-19 15:01:41,498 INFO  [LoggingDetails] Tariff Details clicked done 
2020-01-19 15:01:41,512 INFO  [LoggingDetails] tariff selected and opened in next step 
2020-01-19 15:03:49,264 INFO  [LoggingDetails] DSL Calculator opened 
2020-01-19 15:03:52,526 INFO  [LoggingDetails] prefix entered for tariff details 
2020-01-19 15:03:58,703 INFO  [LoggingDetails] Tariff Details clicked done 
2020-01-19 15:03:58,767 INFO  [LoggingDetails] tariff selected and opened in next step 
2020-01-19 15:06:40,350 INFO  [LoggingDetails] DSL Calculator opened 
2020-01-19 15:06:43,622 INFO  [LoggingDetails] prefix entered for tariff details 
2020-01-19 15:06:48,986 INFO  [LoggingDetails] Tariff Details clicked done 
2020-01-19 15:06:49,291 INFO  [LoggingDetails] tariffs details buttons shown are:  21 
2020-01-19 15:06:53,746 INFO  [LoggingDetails] tariff selected and opened in next step 
2020-01-19 15:08:09,082 INFO  [LoggingDetails] DSL Calculator opened 
2020-01-19 15:08:12,335 INFO  [LoggingDetails] prefix entered for tariff details 
2020-01-19 15:08:17,977 INFO  [LoggingDetails] Tariff Details clicked done 
2020-01-19 15:08:18,112 INFO  [LoggingDetails] tariffs details buttons shown are:  21 
2020-01-19 15:08:36,382 INFO  [LoggingDetails] tariff selected and opened in next step 
2020-01-19 15:11:12,983 INFO  [LoggingDetails] DSL Calculator opened 
2020-01-19 15:11:16,242 INFO  [LoggingDetails] prefix entered for tariff details 
2020-01-19 15:11:21,882 INFO  [LoggingDetails] Tariff Details clicked done 
2020-01-19 15:11:22,178 INFO  [LoggingDetails] tariffs details buttons shown are:  21 
2020-01-19 15:11:33,884 INFO  [LoggingDetails] tariff selected and opened in next step 
2020-01-19 15:13:56,822 INFO  [LoggingDetails] DSL Calculator opened 
2020-01-19 15:14:00,090 INFO  [LoggingDetails] prefix entered for tariff details 
2020-01-19 15:14:05,470 INFO  [LoggingDetails] Tariff Details clicked done 
2020-01-19 15:14:32,813 INFO  [LoggingDetails] tariff selected and opened in next step 
2020-01-19 15:15:36,150 INFO  [LoggingDetails] DSL Calculator opened 
2020-01-19 15:15:39,419 INFO  [LoggingDetails] prefix entered for tariff details 
2020-01-19 15:15:46,028 INFO  [LoggingDetails] Tariff Details clicked done 
2020-01-19 15:15:46,388 INFO  [LoggingDetails] tariffs details buttons shown are:  21 
2020-01-19 15:15:53,065 INFO  [LoggingDetails] tariff selected and opened in next step 
2020-01-19 15:15:56,152 INFO  [LoggingDetails] https://www.verivox.de/internetanbieter/telekom/351335/?cable=1&cl=24&clu=3&customer=1&customerType=2&downSpeed=50000&dsl=1&freeHardwareWanted=0&iNew=eyJmaWx0ZXIiOlsyNCwiZXhpc3RpbmdDdXN0b21lciIsInRydWUiLDIwLDE2MDAwLDEsIjAzMCIsbnVsbCxudWxsLDEsbnVsbCxudWxsLG51bGwsMCwidG90YWxDb3N0IiwidXAiLCJmbGF0cmF0ZSIsbnVsbCxudWxsLG51bGwsbnVsbCxudWxsXX0=&includeCashBackCampaigns=1&isForBusinessCustomers=0&isForStudents=0&isSpecialOffer=0&newBroadbandApp=1&prefix=030&productCampaignId=19103&productId=351335&remainingTerm=0&satellite=1&simcard=0&surfstick=0&telephony=2&thome=0&trafficLimitation=1&tv=0&upSpeed=10000&vierg=0&voucher=1&wlan=0#/offer 
2020-01-19 15:15:56,205 INFO  [LoggingDetails] assertion done to see 5min videlo link 
2020-01-19 15:22:14,835 INFO  [LoggingDetails] DSL Calculator opened 
2020-01-19 15:22:18,141 INFO  [LoggingDetails] prefix entered for tariff details 
2020-01-19 15:22:24,149 INFO  [LoggingDetails] Tariff Details clicked done 
2020-01-19 15:22:24,314 INFO  [LoggingDetails] tariffs details buttons shown are:  21 
2020-01-19 15:22:24,321 INFO  [LoggingDetails] tariff selected and opened in next step 
2020-01-19 15:23:31,384 INFO  [LoggingDetails] https://www.verivox.de/internetanbieter/telekom/351335/?cable=1&cl=24&clu=3&customer=1&customerType=2&downSpeed=50000&dsl=1&freeHardwareWanted=0&iNew=eyJmaWx0ZXIiOlsyNCwiZXhpc3RpbmdDdXN0b21lciIsInRydWUiLDIwLDE2MDAwLDEsIjAzMCIsbnVsbCxudWxsLDEsbnVsbCxudWxsLG51bGwsMCwidG90YWxDb3N0IiwidXAiLCJmbGF0cmF0ZSIsbnVsbCxudWxsLG51bGwsbnVsbCxudWxsXX0=&includeCashBackCampaigns=1&isForBusinessCustomers=0&isForStudents=0&isSpecialOffer=0&newBroadbandApp=1&prefix=030&productCampaignId=19103&productId=351335&remainingTerm=0&satellite=1&simcard=0&surfstick=0&telephony=2&thome=0&trafficLimitation=1&tv=0&upSpeed=10000&vierg=0&voucher=1&wlan=0#/offer 
2020-01-19 15:23:31,443 INFO  [LoggingDetails] assertion done to see 5min videlo link 
2020-01-19 15:30:26,621 INFO  [LoggingDetails] DSL Calculator opened 
2020-01-19 15:30:29,878 INFO  [LoggingDetails] prefix entered for tariff details 
2020-01-19 15:30:37,168 INFO  [LoggingDetails] Tariff Details clicked done 
2020-01-19 15:30:37,236 INFO  [LoggingDetails] tariff selected and opened in next step 
2020-01-19 15:30:37,271 INFO  [LoggingDetails] in next step conditions will be checked 
2020-01-19 15:31:28,145 INFO  [LoggingDetails] DSL Calculator opened 
2020-01-19 15:31:31,406 INFO  [LoggingDetails] prefix entered for tariff details 
2020-01-19 15:31:37,627 INFO  [LoggingDetails] Tariff Details clicked done 
2020-01-19 15:31:37,700 INFO  [LoggingDetails] tariff selected and opened in next step 
2020-01-19 15:31:53,629 INFO  [LoggingDetails] https://www.verivox.de/internetanbieter/telekom/351335/?cable=1&cl=24&clu=3&customer=1&customerType=2&downSpeed=50000&dsl=1&freeHardwareWanted=0&iNew=eyJmaWx0ZXIiOlsyNCwiZXhpc3RpbmdDdXN0b21lciIsInRydWUiLDIwLDE2MDAwLDEsIjAzMCIsbnVsbCxudWxsLDEsbnVsbCxudWxsLG51bGwsMCwidG90YWxDb3N0IiwidXAiLCJmbGF0cmF0ZSIsbnVsbCxudWxsLG51bGwsbnVsbCxudWxsXX0=&includeCashBackCampaigns=1&isForBusinessCustomers=0&isForStudents=0&isSpecialOffer=0&newBroadbandApp=1&prefix=030&productCampaignId=19103&productId=351335&remainingTerm=0&satellite=1&simcard=0&surfstick=0&telephony=2&thome=0&trafficLimitation=1&tv=0&upSpeed=10000&vierg=0&voucher=1&wlan=0 
2020-01-19 15:31:56,468 INFO  [LoggingDetails] in next step conditions will be checked 
2020-01-19 15:33:24,311 INFO  [LoggingDetails] DSL Calculator opened 
2020-01-19 15:33:27,585 INFO  [LoggingDetails] prefix entered for tariff details 
2020-01-19 15:33:34,347 INFO  [LoggingDetails] Tariff Details clicked done 
2020-01-19 15:33:34,603 INFO  [LoggingDetails] tariffs details buttons shown are:  21 
2020-01-19 15:33:34,612 INFO  [LoggingDetails] tariff selected and opened in next step 
2020-01-19 15:34:10,270 INFO  [LoggingDetails] https://www.verivox.de/internetanbieter/telekom/351335/?cable=1&cl=24&clu=3&customer=1&customerType=2&downSpeed=50000&dsl=1&freeHardwareWanted=0&iNew=eyJmaWx0ZXIiOlsyNCwiZXhpc3RpbmdDdXN0b21lciIsInRydWUiLDIwLDE2MDAwLDEsIjAzMCIsbnVsbCxudWxsLDEsbnVsbCxudWxsLG51bGwsMCwidG90YWxDb3N0IiwidXAiLCJmbGF0cmF0ZSIsbnVsbCxudWxsLG51bGwsbnVsbCxudWxsXX0=&includeCashBackCampaigns=1&isForBusinessCustomers=0&isForStudents=0&isSpecialOffer=0&newBroadbandApp=1&prefix=030&productCampaignId=19103&productId=351335&remainingTerm=0&satellite=1&simcard=0&surfstick=0&telephony=2&thome=0&trafficLimitation=1&tv=0&upSpeed=10000&vierg=0&voucher=1&wlan=0#/offer 
2020-01-19 15:34:17,040 INFO  [LoggingDetails] assertion done to see 5min videlo link 
2020-01-19 15:34:19,514 INFO  [LoggingDetails] in next step conditions will be checked 
2020-01-19 15:35:24,141 INFO  [LoggingDetails] DSL Calculator opened 
2020-01-19 15:35:27,410 INFO  [LoggingDetails] prefix entered for tariff details 
2020-01-19 15:35:33,585 INFO  [LoggingDetails] Tariff Details clicked done 
2020-01-19 15:35:33,749 INFO  [LoggingDetails] tariffs details buttons shown are:  21 
2020-01-19 15:35:33,757 INFO  [LoggingDetails] tariff selected and opened in next step 
2020-01-19 15:36:02,212 INFO  [LoggingDetails] https://www.verivox.de/internetanbieter/telekom/351335/?cable=1&cl=24&clu=3&customer=1&customerType=2&downSpeed=50000&dsl=1&freeHardwareWanted=0&iNew=eyJmaWx0ZXIiOlsyNCwiZXhpc3RpbmdDdXN0b21lciIsInRydWUiLDIwLDE2MDAwLDEsIjAzMCIsbnVsbCxudWxsLDEsbnVsbCxudWxsLG51bGwsMCwidG90YWxDb3N0IiwidXAiLCJmbGF0cmF0ZSIsbnVsbCxudWxsLG51bGwsbnVsbCxudWxsXX0=&includeCashBackCampaigns=1&isForBusinessCustomers=0&isForStudents=0&isSpecialOffer=0&newBroadbandApp=1&prefix=030&productCampaignId=19103&productId=351335&remainingTerm=0&satellite=1&simcard=0&surfstick=0&telephony=2&thome=0&trafficLimitation=1&tv=0&upSpeed=10000&vierg=0&voucher=1&wlan=0#/offer 
2020-01-19 15:36:20,418 INFO  [LoggingDetails] assertion done to see 5min videlo link 
2020-01-19 15:36:23,014 INFO  [LoggingDetails] in next step conditions will be checked 
2020-01-19 15:40:26,784 INFO  [LoggingDetails] DSL Calculator opened 
2020-01-19 15:40:30,075 INFO  [LoggingDetails] prefix entered for tariff details 
2020-01-19 15:40:37,746 INFO  [LoggingDetails] Tariff Details clicked done 
2020-01-19 15:40:37,863 INFO  [LoggingDetails] tariffs details buttons shown are:  21 
2020-01-19 15:40:37,869 INFO  [LoggingDetails] tariff selected and opened in next step 
2020-01-19 15:40:54,263 INFO  [LoggingDetails] https://www.verivox.de/internetanbieter/telekom/351335/?cable=1&cl=24&clu=3&customer=1&customerType=2&downSpeed=50000&dsl=1&freeHardwareWanted=0&iNew=eyJmaWx0ZXIiOlsyNCwiZXhpc3RpbmdDdXN0b21lciIsInRydWUiLDIwLDE2MDAwLDEsIjAzMCIsbnVsbCxudWxsLDEsbnVsbCxudWxsLG51bGwsMCwidG90YWxDb3N0IiwidXAiLCJmbGF0cmF0ZSIsbnVsbCxudWxsLG51bGwsbnVsbCxudWxsXX0=&includeCashBackCampaigns=1&isForBusinessCustomers=0&isForStudents=0&isSpecialOffer=0&newBroadbandApp=1&prefix=030&productCampaignId=19103&productId=351335&remainingTerm=0&satellite=1&simcard=0&surfstick=0&telephony=2&thome=0&trafficLimitation=1&tv=0&upSpeed=10000&vierg=0&voucher=1&wlan=0#/offer 
2020-01-19 15:41:06,680 INFO  [LoggingDetails] assertion done to see 5min videlo link 
2020-01-19 15:41:09,091 INFO  [LoggingDetails] in next step conditions will be checked 
2020-01-19 15:42:31,794 INFO  [LoggingDetails] DSL Calculator opened 
2020-01-19 15:42:35,048 INFO  [LoggingDetails] prefix entered for tariff details 
2020-01-19 15:42:40,905 INFO  [LoggingDetails] Tariff Details clicked done 
2020-01-19 15:42:40,971 INFO  [LoggingDetails] tariff selected and opened in next step 
2020-01-19 15:42:41,022 INFO  [LoggingDetails] in next step conditions will be checked 
2020-01-19 15:43:16,622 INFO  [LoggingDetails] all tariff results loaded 
2020-01-19 15:44:37,802 INFO  [LoggingDetails] DSL Calculator opened 
2020-01-19 15:44:41,082 INFO  [LoggingDetails] prefix entered for tariff details 
2020-01-19 15:44:47,040 INFO  [LoggingDetails] Tariff Details clicked done 
2020-01-19 15:44:47,213 INFO  [LoggingDetails] tariffs details buttons shown are:  21 
2020-01-19 15:44:47,221 INFO  [LoggingDetails] tariff selected and opened in next step 
2020-01-19 15:44:52,170 INFO  [LoggingDetails] https://www.verivox.de/internetanbieter/telekom/351335/?cable=1&cl=24&clu=3&customer=1&customerType=2&downSpeed=50000&dsl=1&freeHardwareWanted=0&iNew=eyJmaWx0ZXIiOlsyNCwiZXhpc3RpbmdDdXN0b21lciIsInRydWUiLDIwLDE2MDAwLDEsIjAzMCIsbnVsbCxudWxsLDEsbnVsbCxudWxsLG51bGwsMCwidG90YWxDb3N0IiwidXAiLCJmbGF0cmF0ZSIsbnVsbCxudWxsLG51bGwsbnVsbCxudWxsXX0=&includeCashBackCampaigns=1&isForBusinessCustomers=0&isForStudents=0&isSpecialOffer=0&newBroadbandApp=1&prefix=030&productCampaignId=19103&productId=351335&remainingTerm=0&satellite=1&simcard=0&surfstick=0&telephony=2&thome=0&trafficLimitation=1&tv=0&upSpeed=10000&vierg=0&voucher=1&wlan=0#/offer 
2020-01-19 15:44:52,222 INFO  [LoggingDetails] assertion done to see 5min videlo link 
2020-01-19 15:44:54,775 INFO  [LoggingDetails] in next step conditions will be checked 
2020-01-19 15:44:59,477 INFO  [LoggingDetails] all tariff results loaded 
2020-01-19 15:45:49,369 INFO  [LoggingDetails] DSL Calculator opened 
2020-01-19 15:45:52,656 INFO  [LoggingDetails] prefix entered for tariff details 
2020-01-19 15:45:58,603 INFO  [LoggingDetails] Tariff Details clicked done 
2020-01-19 15:45:58,972 INFO  [LoggingDetails] tariffs details buttons shown are:  21 
2020-01-19 15:45:58,983 INFO  [LoggingDetails] tariff selected and opened in next step 
2020-01-19 15:46:03,965 INFO  [LoggingDetails] https://www.verivox.de/internetanbieter/telekom/351335/?cable=1&cl=24&clu=3&customer=1&customerType=2&downSpeed=50000&dsl=1&freeHardwareWanted=0&iNew=eyJmaWx0ZXIiOlsyNCwiZXhpc3RpbmdDdXN0b21lciIsInRydWUiLDIwLDE2MDAwLDEsIjAzMCIsbnVsbCxudWxsLDEsbnVsbCxudWxsLG51bGwsMCwidG90YWxDb3N0IiwidXAiLCJmbGF0cmF0ZSIsbnVsbCxudWxsLG51bGwsbnVsbCxudWxsXX0=&includeCashBackCampaigns=1&isForBusinessCustomers=0&isForStudents=0&isSpecialOffer=0&newBroadbandApp=1&prefix=030&productCampaignId=19103&productId=351335&remainingTerm=0&satellite=1&simcard=0&surfstick=0&telephony=2&thome=0&trafficLimitation=1&tv=0&upSpeed=10000&vierg=0&voucher=1&wlan=0#/offer 
2020-01-19 15:46:04,048 INFO  [LoggingDetails] assertion done to see 5min videlo link 
2020-01-19 15:46:06,363 INFO  [LoggingDetails] in next step conditions will be checked 
2020-01-19 15:46:16,100 INFO  [LoggingDetails] all tariff results loaded 
2020-01-19 15:47:19,727 INFO  [LoggingDetails] DSL Calculator opened 
2020-01-19 15:47:22,984 INFO  [LoggingDetails] prefix entered for tariff details 
2020-01-19 15:47:25,705 INFO  [LoggingDetails] Tariff Details clicked done 
2020-01-19 15:47:25,972 INFO  [LoggingDetails] tariff selected and opened in next step 
2020-01-19 15:47:28,090 INFO  [LoggingDetails] in next step conditions will be checked 
2020-01-19 15:47:37,796 INFO  [LoggingDetails] all tariff results loaded 
2020-01-19 15:48:27,112 INFO  [LoggingDetails] DSL Calculator opened 
2020-01-19 15:48:30,384 INFO  [LoggingDetails] prefix entered for tariff details 
2020-01-19 15:48:33,450 INFO  [LoggingDetails] Tariff Details clicked done 
2020-01-19 15:48:33,703 INFO  [LoggingDetails] tariff selected and opened in next step 
2020-01-19 15:48:39,787 INFO  [LoggingDetails] https://www.verivox.de/internetanbieter/telekom/351335/?cable=1&cl=24&clu=3&customer=1&customerType=2&downSpeed=50000&dsl=1&freeHardwareWanted=0&iNew=eyJmaWx0ZXIiOlsyNCwiZXhpc3RpbmdDdXN0b21lciIsInRydWUiLDIwLDE2MDAwLDEsIjAzMCIsbnVsbCxudWxsLDEsbnVsbCxudWxsLG51bGwsMCwidG90YWxDb3N0IiwidXAiLCJmbGF0cmF0ZSIsbnVsbCxudWxsLG51bGwsbnVsbCxudWxsXX0=&includeCashBackCampaigns=1&isForBusinessCustomers=0&isForStudents=0&isSpecialOffer=0&newBroadbandApp=1&prefix=030&productCampaignId=19103&productId=351335&remainingTerm=0&satellite=1&simcard=0&surfstick=0&telephony=2&thome=0&trafficLimitation=1&tv=0&upSpeed=10000&vierg=0&voucher=1&wlan=0#/offer 
2020-01-19 15:48:39,853 INFO  [LoggingDetails] assertion done to see 5min videlo link 
2020-01-19 15:48:42,169 INFO  [LoggingDetails] in next step conditions will be checked 
2020-01-19 15:48:51,911 INFO  [LoggingDetails] all tariff results loaded 
2020-01-19 15:49:52,326 INFO  [LoggingDetails] DSL Calculator opened 
2020-01-19 15:49:55,582 INFO  [LoggingDetails] prefix entered for tariff details 
2020-01-19 15:50:01,709 INFO  [LoggingDetails] Tariff Details clicked done 
2020-01-19 15:50:01,825 INFO  [LoggingDetails] tariffs details buttons shown are:  21 
2020-01-19 15:50:01,834 INFO  [LoggingDetails] tariff selected and opened in next step 
2020-01-19 15:50:08,158 INFO  [LoggingDetails] https://www.verivox.de/internetanbieter/telekom/351335/?cable=1&cl=24&clu=3&customer=1&customerType=2&downSpeed=50000&dsl=1&freeHardwareWanted=0&iNew=eyJmaWx0ZXIiOlsyNCwiZXhpc3RpbmdDdXN0b21lciIsInRydWUiLDIwLDE2MDAwLDEsIjAzMCIsbnVsbCxudWxsLDEsbnVsbCxudWxsLG51bGwsMCwidG90YWxDb3N0IiwidXAiLCJmbGF0cmF0ZSIsbnVsbCxudWxsLG51bGwsbnVsbCxudWxsXX0=&includeCashBackCampaigns=1&isForBusinessCustomers=0&isForStudents=0&isSpecialOffer=0&newBroadbandApp=1&prefix=030&productCampaignId=19103&productId=351335&remainingTerm=0&satellite=1&simcard=0&surfstick=0&telephony=2&thome=0&trafficLimitation=1&tv=0&upSpeed=10000&vierg=0&voucher=1&wlan=0#/offer 
2020-01-19 15:50:08,209 INFO  [LoggingDetails] assertion done to see 5min videlo link 
2020-01-19 15:50:10,512 INFO  [LoggingDetails] in next step conditions will be checked 
2020-01-19 15:50:20,227 INFO  [LoggingDetails] all tariff results loaded 
2020-01-19 15:53:55,510 INFO  [LoggingDetails] DSL Calculator opened 
2020-01-19 15:53:58,760 INFO  [LoggingDetails] prefix entered for tariff details 
2020-01-19 15:54:05,416 INFO  [LoggingDetails] Tariff Details clicked done 
2020-01-19 15:54:05,531 INFO  [LoggingDetails] tariffs details buttons shown are:  21 
2020-01-19 15:54:05,536 INFO  [LoggingDetails] tariff selected and opened in next step 
2020-01-19 15:54:11,676 INFO  [LoggingDetails] https://www.verivox.de/internetanbieter/telekom/351335/?cable=1&cl=24&clu=3&customer=1&customerType=2&downSpeed=50000&dsl=1&freeHardwareWanted=0&iNew=eyJmaWx0ZXIiOlsyNCwiZXhpc3RpbmdDdXN0b21lciIsInRydWUiLDIwLDE2MDAwLDEsIjAzMCIsbnVsbCxudWxsLDEsbnVsbCxudWxsLG51bGwsMCwidG90YWxDb3N0IiwidXAiLCJmbGF0cmF0ZSIsbnVsbCxudWxsLG51bGwsbnVsbCxudWxsXX0=&includeCashBackCampaigns=1&isForBusinessCustomers=0&isForStudents=0&isSpecialOffer=0&newBroadbandApp=1&prefix=030&productCampaignId=19103&productId=351335&remainingTerm=0&satellite=1&simcard=0&surfstick=0&telephony=2&thome=0&trafficLimitation=1&tv=0&upSpeed=10000&vierg=0&voucher=1&wlan=0#/offer 
2020-01-19 15:54:11,744 INFO  [LoggingDetails] assertion done to see 5min videlo link 
2020-01-19 15:54:13,600 INFO  [LoggingDetails] in next step conditions will be checked 
2020-01-19 15:54:20,343 INFO  [LoggingDetails] all tariff results loaded 
2020-01-19 15:57:46,269 INFO  [LoggingDetails] DSL Calculator opened 
2020-01-19 15:57:49,544 INFO  [LoggingDetails] prefix entered for tariff details 
2020-01-19 15:57:55,304 INFO  [LoggingDetails] Tariff Details clicked done 
2020-01-19 15:57:55,485 INFO  [LoggingDetails] tariffs details buttons shown are:  21 
2020-01-19 15:57:55,494 INFO  [LoggingDetails] tariff selected and opened in next step 
2020-01-19 15:58:01,460 INFO  [LoggingDetails] https://www.verivox.de/internetanbieter/telekom/351335/?cable=1&cl=24&clu=3&customer=1&customerType=2&downSpeed=50000&dsl=1&freeHardwareWanted=0&iNew=eyJmaWx0ZXIiOlsyNCwiZXhpc3RpbmdDdXN0b21lciIsInRydWUiLDIwLDE2MDAwLDEsIjAzMCIsbnVsbCxudWxsLDEsbnVsbCxudWxsLG51bGwsMCwidG90YWxDb3N0IiwidXAiLCJmbGF0cmF0ZSIsbnVsbCxudWxsLG51bGwsbnVsbCxudWxsXX0=&includeCashBackCampaigns=1&isForBusinessCustomers=0&isForStudents=0&isSpecialOffer=0&newBroadbandApp=1&prefix=030&productCampaignId=19103&productId=351335&remainingTerm=0&satellite=1&simcard=0&surfstick=0&telephony=2&thome=0&trafficLimitation=1&tv=0&upSpeed=10000&vierg=0&voucher=1&wlan=0#/offer 
2020-01-19 15:58:01,514 INFO  [LoggingDetails] assertion done to see 5min videlo link 
2020-01-19 15:58:03,716 INFO  [LoggingDetails] in next step conditions will be checked 
2020-01-19 15:58:13,422 INFO  [LoggingDetails] all tariff results loaded 
2020-01-19 17:45:25,236 INFO  [LoggingDetails] DSL Calculator opened 
2020-01-19 17:45:28,522 INFO  [LoggingDetails] prefix entered for tariff details 
2020-01-19 17:45:35,293 INFO  [LoggingDetails] Tariff Details clicked done 
2020-01-19 17:45:35,712 INFO  [LoggingDetails] tariffs details buttons shown are:  21 
2020-01-19 17:45:35,723 INFO  [LoggingDetails] tariff selected and opened in next step 
2020-01-19 17:45:41,726 INFO  [LoggingDetails] https://www.verivox.de/internetanbieter/telekom/351335/?cable=1&cl=24&clu=3&customer=1&customerType=2&downSpeed=50000&dsl=1&freeHardwareWanted=0&iNew=eyJmaWx0ZXIiOlsyNCwiZXhpc3RpbmdDdXN0b21lciIsInRydWUiLDIwLDE2MDAwLDEsIjAzMCIsbnVsbCxudWxsLDEsbnVsbCxudWxsLG51bGwsMCwidG90YWxDb3N0IiwidXAiLCJmbGF0cmF0ZSIsbnVsbCxudWxsLG51bGwsbnVsbCxudWxsXX0=&includeCashBackCampaigns=1&isForBusinessCustomers=0&isForStudents=0&isSpecialOffer=0&newBroadbandApp=1&prefix=030&productCampaignId=19103&productId=351335&remainingTerm=0&satellite=1&simcard=0&surfstick=0&telephony=2&thome=0&trafficLimitation=1&tv=0&upSpeed=10000&vierg=0&voucher=1&wlan=0#/offer 
2020-01-19 17:45:41,816 INFO  [LoggingDetails] assertion done to see 5min videlo link 
2020-01-19 17:45:44,569 INFO  [LoggingDetails] in next step conditions will be checked 
2020-01-19 17:45:54,314 INFO  [LoggingDetails] all tariff results loaded 
2020-01-19 17:58:26,105 INFO  [LoggingDetails] DSL Calculator opened 
2020-01-19 17:58:29,377 INFO  [LoggingDetails] prefix entered for tariff details 
2020-01-19 17:58:34,913 INFO  [LoggingDetails] Tariff Details clicked done 
2020-01-19 17:58:35,288 INFO  [LoggingDetails] tariffs details buttons shown are:  21 
2020-01-19 17:58:35,296 INFO  [LoggingDetails] It will get proceeded from previous state 
2020-01-19 17:58:35,302 INFO  [LoggingDetails] tariff selected and opened in next step 
2020-01-19 17:58:41,305 INFO  [LoggingDetails] https://www.verivox.de/internetanbieter/telekom/351335/?cable=1&cl=24&clu=3&customer=1&customerType=2&downSpeed=50000&dsl=1&freeHardwareWanted=0&iNew=eyJmaWx0ZXIiOlsyNCwiZXhpc3RpbmdDdXN0b21lciIsInRydWUiLDIwLDE2MDAwLDEsIjAzMCIsbnVsbCxudWxsLDEsbnVsbCxudWxsLG51bGwsMCwidG90YWxDb3N0IiwidXAiLCJmbGF0cmF0ZSIsbnVsbCxudWxsLG51bGwsbnVsbCxudWxsXX0=&includeCashBackCampaigns=1&isForBusinessCustomers=0&isForStudents=0&isSpecialOffer=0&newBroadbandApp=1&prefix=030&productCampaignId=19103&productId=351335&remainingTerm=0&satellite=1&simcard=0&surfstick=0&telephony=2&thome=0&trafficLimitation=1&tv=0&upSpeed=10000&vierg=0&voucher=1&wlan=0#/offer 
2020-01-19 17:58:41,393 INFO  [LoggingDetails] assertion done to see 5min videlo link 
2020-01-19 17:59:36,684 INFO  [LoggingDetails] DSL Calculator opened 
2020-01-19 17:59:39,956 INFO  [LoggingDetails] prefix entered for tariff details 
2020-01-19 17:59:46,260 INFO  [LoggingDetails] Tariff Details clicked done 
2020-01-19 17:59:46,523 INFO  [LoggingDetails] tariffs details buttons shown are:  21 
2020-01-19 17:59:46,533 INFO  [LoggingDetails] It will get proceeded from previous state 
2020-01-19 17:59:46,541 INFO  [LoggingDetails] tariff selected and opened in next step 
2020-01-19 17:59:52,546 INFO  [LoggingDetails] https://www.verivox.de/internetanbieter/telekom/351335/?cable=1&cl=24&clu=3&customer=1&customerType=2&downSpeed=50000&dsl=1&freeHardwareWanted=0&iNew=eyJmaWx0ZXIiOlsyNCwiZXhpc3RpbmdDdXN0b21lciIsInRydWUiLDIwLDE2MDAwLDEsIjAzMCIsbnVsbCxudWxsLDEsbnVsbCxudWxsLG51bGwsMCwidG90YWxDb3N0IiwidXAiLCJmbGF0cmF0ZSIsbnVsbCxudWxsLG51bGwsbnVsbCxudWxsXX0=&includeCashBackCampaigns=1&isForBusinessCustomers=0&isForStudents=0&isSpecialOffer=0&newBroadbandApp=1&prefix=030&productCampaignId=19103&productId=351335&remainingTerm=0&satellite=1&simcard=0&surfstick=0&telephony=2&thome=0&trafficLimitation=1&tv=0&upSpeed=10000&vierg=0&voucher=1&wlan=0#/offer 
2020-01-19 18:00:03,872 INFO  [LoggingDetails] assertion done to see 5min videlo link 
2020-01-19 18:01:38,445 INFO  [LoggingDetails] DSL Calculator opened 
2020-01-19 18:01:41,751 INFO  [LoggingDetails] prefix entered for tariff details 
2020-01-19 18:01:48,322 INFO  [LoggingDetails] Tariff Details clicked done 
2020-01-19 18:01:48,716 INFO  [LoggingDetails] tariffs details buttons shown are:  21 
2020-01-19 18:01:48,724 INFO  [LoggingDetails] It will get proceeded from previous state 
2020-01-19 18:01:48,732 INFO  [LoggingDetails] tariff selected and opened in next step 
2020-01-19 18:01:54,674 INFO  [LoggingDetails] https://www.verivox.de/internetanbieter/telekom/351335/?cable=1&cl=24&clu=3&customer=1&customerType=2&downSpeed=50000&dsl=1&freeHardwareWanted=0&iNew=eyJmaWx0ZXIiOlsyNCwiZXhpc3RpbmdDdXN0b21lciIsInRydWUiLDIwLDE2MDAwLDEsIjAzMCIsbnVsbCxudWxsLDEsbnVsbCxudWxsLG51bGwsMCwidG90YWxDb3N0IiwidXAiLCJmbGF0cmF0ZSIsbnVsbCxudWxsLG51bGwsbnVsbCxudWxsXX0=&includeCashBackCampaigns=1&isForBusinessCustomers=0&isForStudents=0&isSpecialOffer=0&newBroadbandApp=1&prefix=030&productCampaignId=19103&productId=351335&remainingTerm=0&satellite=1&simcard=0&surfstick=0&telephony=2&thome=0&trafficLimitation=1&tv=0&upSpeed=10000&vierg=0&voucher=1&wlan=0#/offer 
2020-01-19 18:01:54,734 INFO  [LoggingDetails] assertion done to see 5min videlo link 
2020-01-19 18:02:55,821 INFO  [LoggingDetails] DSL Calculator opened 
2020-01-19 18:02:59,111 INFO  [LoggingDetails] prefix entered for tariff details 
2020-01-19 18:03:04,557 INFO  [LoggingDetails] Tariff Details clicked done 
2020-01-19 18:03:04,816 INFO  [LoggingDetails] tariffs details buttons shown are:  21 
2020-01-19 18:03:04,826 INFO  [LoggingDetails] It will get proceeded from previous state 
2020-01-19 18:03:04,835 INFO  [LoggingDetails] tariff selected and opened in next step 
2020-01-19 18:03:11,678 INFO  [LoggingDetails] https://www.verivox.de/internetanbieter/telekom/351335/?cable=1&cl=24&clu=3&customer=1&customerType=2&downSpeed=50000&dsl=1&freeHardwareWanted=0&iNew=eyJmaWx0ZXIiOlsyNCwiZXhpc3RpbmdDdXN0b21lciIsInRydWUiLDIwLDE2MDAwLDEsIjAzMCIsbnVsbCxudWxsLDEsbnVsbCxudWxsLG51bGwsMCwidG90YWxDb3N0IiwidXAiLCJmbGF0cmF0ZSIsbnVsbCxudWxsLG51bGwsbnVsbCxudWxsXX0=&includeCashBackCampaigns=1&isForBusinessCustomers=0&isForStudents=0&isSpecialOffer=0&newBroadbandApp=1&prefix=030&productCampaignId=19103&productId=351335&remainingTerm=0&satellite=1&simcard=0&surfstick=0&telephony=2&thome=0&trafficLimitation=1&tv=0&upSpeed=10000&vierg=0&voucher=1&wlan=0#/offer 
2020-01-19 18:03:11,728 INFO  [LoggingDetails] assertion done to see 5min videlo link 
2020-01-19 18:03:29,879 INFO  [LoggingDetails] in next step conditions will be checked 
2020-01-19 18:03:39,686 INFO  [LoggingDetails] all tariff results loaded 
2020-01-19 18:04:41,330 INFO  [LoggingDetails] DSL Calculator opened 
2020-01-19 18:04:44,620 INFO  [LoggingDetails] prefix entered for tariff details 
2020-01-19 18:04:47,614 INFO  [LoggingDetails] Tariff Details clicked done 
2020-01-19 18:04:47,859 INFO  [LoggingDetails] It will get proceeded from previous state 
2020-01-19 18:04:47,873 INFO  [LoggingDetails] tariff selected and opened in next step 
2020-01-19 18:04:53,968 INFO  [LoggingDetails] https://www.verivox.de/internetanbieter/telekom/351335/?cable=1&cl=24&clu=3&customer=1&customerType=2&downSpeed=50000&dsl=1&freeHardwareWanted=0&iNew=eyJmaWx0ZXIiOlsyNCwiZXhpc3RpbmdDdXN0b21lciIsInRydWUiLDIwLDE2MDAwLDEsIjAzMCIsbnVsbCxudWxsLDEsbnVsbCxudWxsLG51bGwsMCwidG90YWxDb3N0IiwidXAiLCJmbGF0cmF0ZSIsbnVsbCxudWxsLG51bGwsbnVsbCxudWxsXX0=&includeCashBackCampaigns=1&isForBusinessCustomers=0&isForStudents=0&isSpecialOffer=0&newBroadbandApp=1&prefix=030&productCampaignId=19103&productId=351335&remainingTerm=0&satellite=1&simcard=0&surfstick=0&telephony=2&thome=0&trafficLimitation=1&tv=0&upSpeed=10000&vierg=0&voucher=1&wlan=0#/offer 
2020-01-19 18:04:54,030 INFO  [LoggingDetails] assertion done to see 5min videlo link 
2020-01-19 18:06:17,077 INFO  [LoggingDetails] DSL Calculator opened 
2020-01-19 18:06:20,357 INFO  [LoggingDetails] prefix entered for tariff details 
2020-01-19 18:06:26,212 INFO  [LoggingDetails] Tariff Details clicked done 
2020-01-19 18:06:26,587 INFO  [LoggingDetails] tariffs details buttons shown are:  21 
2020-01-19 18:06:26,596 INFO  [LoggingDetails] It will get proceeded from previous state 
2020-01-19 18:06:26,602 INFO  [LoggingDetails] tariff selected and opened in next step 
2020-01-19 18:06:32,567 INFO  [LoggingDetails] https://www.verivox.de/internetanbieter/telekom/351335/?cable=1&cl=24&clu=3&customer=1&customerType=2&downSpeed=50000&dsl=1&freeHardwareWanted=0&iNew=eyJmaWx0ZXIiOlsyNCwiZXhpc3RpbmdDdXN0b21lciIsInRydWUiLDIwLDE2MDAwLDEsIjAzMCIsbnVsbCxudWxsLDEsbnVsbCxudWxsLG51bGwsMCwidG90YWxDb3N0IiwidXAiLCJmbGF0cmF0ZSIsbnVsbCxudWxsLG51bGwsbnVsbCxudWxsXX0=&includeCashBackCampaigns=1&isForBusinessCustomers=0&isForStudents=0&isSpecialOffer=0&newBroadbandApp=1&prefix=030&productCampaignId=19103&productId=351335&remainingTerm=0&satellite=1&simcard=0&surfstick=0&telephony=2&thome=0&trafficLimitation=1&tv=0&upSpeed=10000&vierg=0&voucher=1&wlan=0#/offer 
2020-01-19 18:06:32,613 INFO  [LoggingDetails] assertion done to see 5min videlo link 
2020-01-19 18:07:25,863 INFO  [LoggingDetails] DSL Calculator opened 
2020-01-19 18:07:29,142 INFO  [LoggingDetails] prefix entered for tariff details 
2020-01-19 18:07:35,549 INFO  [LoggingDetails] Tariff Details clicked done 
2020-01-19 18:07:35,875 INFO  [LoggingDetails] tariffs details buttons shown are:  21 
2020-01-19 18:07:35,882 INFO  [LoggingDetails] It will get proceeded from previous state 
2020-01-19 18:07:35,891 INFO  [LoggingDetails] tariff selected and opened in next step 
2020-01-19 18:07:42,848 INFO  [LoggingDetails] https://www.verivox.de/internetanbieter/telekom/351335/?cable=1&cl=24&clu=3&customer=1&customerType=2&downSpeed=50000&dsl=1&freeHardwareWanted=0&iNew=eyJmaWx0ZXIiOlsyNCwiZXhpc3RpbmdDdXN0b21lciIsInRydWUiLDIwLDE2MDAwLDEsIjAzMCIsbnVsbCxudWxsLDEsbnVsbCxudWxsLG51bGwsMCwidG90YWxDb3N0IiwidXAiLCJmbGF0cmF0ZSIsbnVsbCxudWxsLG51bGwsbnVsbCxudWxsXX0=&includeCashBackCampaigns=1&isForBusinessCustomers=0&isForStudents=0&isSpecialOffer=0&newBroadbandApp=1&prefix=030&productCampaignId=19103&productId=351335&remainingTerm=0&satellite=1&simcard=0&surfstick=0&telephony=2&thome=0&trafficLimitation=1&tv=0&upSpeed=10000&vierg=0&voucher=1&wlan=0#/offer 
2020-01-19 18:07:42,908 INFO  [LoggingDetails] assertion done to see 5min videlo link 
2020-01-19 18:08:31,167 INFO  [LoggingDetails] DSL Calculator opened 
2020-01-19 18:08:34,473 INFO  [LoggingDetails] prefix entered for tariff details 
2020-01-19 18:08:40,706 INFO  [LoggingDetails] Tariff Details clicked done 
2020-01-19 18:08:41,023 INFO  [LoggingDetails] tariffs details buttons shown are:  21 
2020-01-19 18:08:41,030 INFO  [LoggingDetails] It will get proceeded from previous state 
2020-01-19 18:08:41,038 INFO  [LoggingDetails] tariff selected and opened in next step 
2020-01-19 18:08:47,114 INFO  [LoggingDetails] https://www.verivox.de/internetanbieter/telekom/351335/?cable=1&cl=24&clu=3&customer=1&customerType=2&downSpeed=50000&dsl=1&freeHardwareWanted=0&iNew=eyJmaWx0ZXIiOlsyNCwiZXhpc3RpbmdDdXN0b21lciIsInRydWUiLDIwLDE2MDAwLDEsIjAzMCIsbnVsbCxudWxsLDEsbnVsbCxudWxsLG51bGwsMCwidG90YWxDb3N0IiwidXAiLCJmbGF0cmF0ZSIsbnVsbCxudWxsLG51bGwsbnVsbCxudWxsXX0=&includeCashBackCampaigns=1&isForBusinessCustomers=0&isForStudents=0&isSpecialOffer=0&newBroadbandApp=1&prefix=030&productCampaignId=19103&productId=351335&remainingTerm=0&satellite=1&simcard=0&surfstick=0&telephony=2&thome=0&trafficLimitation=1&tv=0&upSpeed=10000&vierg=0&voucher=1&wlan=0#/offer 
2020-01-19 18:08:47,193 INFO  [LoggingDetails] assertion done to see 5min videlo link 
2020-01-19 18:08:49,596 INFO  [LoggingDetails] in next step conditions will be checked 
2020-01-19 18:08:59,329 INFO  [LoggingDetails] all tariff results loaded 
2020-01-19 18:17:07,675 INFO  [LoggingDetails] DSL Calculator opened 
2020-01-19 18:17:10,966 INFO  [LoggingDetails] prefix entered for tariff details 
2020-01-19 18:17:16,788 INFO  [LoggingDetails] Tariff Details clicked done 
2020-01-19 18:17:16,860 INFO  [LoggingDetails] It will get proceeded from previous state 
2020-01-19 18:17:16,867 INFO  [LoggingDetails] tariff selected and opened in next step 
2020-01-19 18:17:22,886 INFO  [LoggingDetails] https://www.verivox.de/internetanbieter/telekom/351335/?cable=1&cl=24&clu=3&customer=1&customerType=2&downSpeed=50000&dsl=1&freeHardwareWanted=0&iNew=eyJmaWx0ZXIiOlsyNCwiZXhpc3RpbmdDdXN0b21lciIsInRydWUiLDIwLDE2MDAwLDEsIjAzMCIsbnVsbCxudWxsLDEsbnVsbCxudWxsLG51bGwsMCwidG90YWxDb3N0IiwidXAiLCJmbGF0cmF0ZSIsbnVsbCxudWxsLG51bGwsbnVsbCxudWxsXX0=&includeCashBackCampaigns=1&isForBusinessCustomers=0&isForStudents=0&isSpecialOffer=0&newBroadbandApp=1&prefix=030&productCampaignId=19103&productId=351335&remainingTerm=0&satellite=1&simcard=0&surfstick=0&telephony=2&thome=0&trafficLimitation=1&tv=0&upSpeed=10000&vierg=0&voucher=1&wlan=0#/offer 
2020-01-19 18:17:22,942 INFO  [LoggingDetails] assertion done to see 5min videlo link 
2020-01-19 18:17:25,292 INFO  [LoggingDetails] in next step conditions will be checked 
2020-01-19 18:17:35,015 INFO  [LoggingDetails] all tariff results loaded 
2020-01-19 18:18:36,454 INFO  [LoggingDetails] DSL Calculator opened 
2020-01-19 18:18:39,710 INFO  [LoggingDetails] prefix entered for tariff details 
2020-01-19 18:18:46,822 INFO  [LoggingDetails] Tariff Details clicked done 
2020-01-19 18:18:47,174 INFO  [LoggingDetails] tariffs details buttons shown are:  21 
2020-01-19 18:18:47,184 INFO  [LoggingDetails] It will get proceeded from previous state 
2020-01-19 18:18:47,190 INFO  [LoggingDetails] tariff selected and opened in next step 
2020-01-19 18:18:53,238 INFO  [LoggingDetails] https://www.verivox.de/internetanbieter/telekom/351335/?cable=1&cl=24&clu=3&customer=1&customerType=2&downSpeed=50000&dsl=1&freeHardwareWanted=0&iNew=eyJmaWx0ZXIiOlsyNCwiZXhpc3RpbmdDdXN0b21lciIsInRydWUiLDIwLDE2MDAwLDEsIjAzMCIsbnVsbCxudWxsLDEsbnVsbCxudWxsLG51bGwsMCwidG90YWxDb3N0IiwidXAiLCJmbGF0cmF0ZSIsbnVsbCxudWxsLG51bGwsbnVsbCxudWxsXX0=&includeCashBackCampaigns=1&isForBusinessCustomers=0&isForStudents=0&isSpecialOffer=0&newBroadbandApp=1&prefix=030&productCampaignId=19103&productId=351335&remainingTerm=0&satellite=1&simcard=0&surfstick=0&telephony=2&thome=0&trafficLimitation=1&tv=0&upSpeed=10000&vierg=0&voucher=1&wlan=0#/offer 
2020-01-19 18:18:53,309 INFO  [LoggingDetails] assertion done to see 5min videlo link 
2020-01-19 18:18:55,838 INFO  [LoggingDetails] in next step conditions will be checked 
2020-01-19 18:19:05,539 INFO  [LoggingDetails] all tariff results loaded 
2020-01-19 18:20:05,506 INFO  [LoggingDetails] DSL Calculator opened 
2020-01-19 18:20:08,804 INFO  [LoggingDetails] prefix entered for tariff details 
2020-01-19 18:20:15,150 INFO  [LoggingDetails] Tariff Details clicked done 
2020-01-19 18:20:15,541 INFO  [LoggingDetails] tariffs details buttons shown are:  21 
2020-01-19 18:20:15,553 INFO  [LoggingDetails] It will get proceeded from previous state 
2020-01-19 18:20:15,560 INFO  [LoggingDetails] tariff selected and opened in next step 
2020-01-19 18:20:21,556 INFO  [LoggingDetails] https://www.verivox.de/internetanbieter/telekom/351335/?cable=1&cl=24&clu=3&customer=1&customerType=2&downSpeed=50000&dsl=1&freeHardwareWanted=0&iNew=eyJmaWx0ZXIiOlsyNCwiZXhpc3RpbmdDdXN0b21lciIsInRydWUiLDIwLDE2MDAwLDEsIjAzMCIsbnVsbCxudWxsLDEsbnVsbCxudWxsLG51bGwsMCwidG90YWxDb3N0IiwidXAiLCJmbGF0cmF0ZSIsbnVsbCxudWxsLG51bGwsbnVsbCxudWxsXX0=&includeCashBackCampaigns=1&isForBusinessCustomers=0&isForStudents=0&isSpecialOffer=0&newBroadbandApp=1&prefix=030&productCampaignId=19103&productId=351335&remainingTerm=0&satellite=1&simcard=0&surfstick=0&telephony=2&thome=0&trafficLimitation=1&tv=0&upSpeed=10000&vierg=0&voucher=1&wlan=0#/offer 
2020-01-19 18:20:21,622 INFO  [LoggingDetails] assertion done to see 5min videlo link 
2020-01-19 18:20:24,131 INFO  [LoggingDetails] in next step conditions will be checked 
2020-01-19 18:20:33,884 INFO  [LoggingDetails] all tariff results loaded 
2020-01-19 18:56:31,322 INFO  [LoggingDetails] DSL Calculator opened 
2020-01-19 18:56:34,622 INFO  [LoggingDetails] prefix entered for tariff details 
2020-01-19 18:56:40,419 INFO  [LoggingDetails] Tariff Details clicked done 
2020-01-19 18:56:40,563 INFO  [LoggingDetails] tariffs details buttons shown are:  21 
2020-01-19 18:56:40,574 INFO  [LoggingDetails] It will get proceeded from previous state 
2020-01-19 18:56:40,578 INFO  [LoggingDetails] tariff selected and opened in next step 
2020-01-19 18:56:46,614 INFO  [LoggingDetails] https://www.verivox.de/internetanbieter/telekom/351335/?cable=1&cl=24&clu=3&customer=1&customerType=2&downSpeed=50000&dsl=1&freeHardwareWanted=0&iNew=eyJmaWx0ZXIiOlsyNCwiZXhpc3RpbmdDdXN0b21lciIsInRydWUiLDIwLDE2MDAwLDEsIjAzMCIsbnVsbCxudWxsLDEsbnVsbCxudWxsLG51bGwsMCwidG90YWxDb3N0IiwidXAiLCJmbGF0cmF0ZSIsbnVsbCxudWxsLG51bGwsbnVsbCxudWxsXX0=&includeCashBackCampaigns=1&isForBusinessCustomers=0&isForStudents=0&isSpecialOffer=0&newBroadbandApp=1&prefix=030&productCampaignId=19103&productId=351335&remainingTerm=0&satellite=1&simcard=0&surfstick=0&telephony=2&thome=0&trafficLimitation=1&tv=0&upSpeed=10000&vierg=0&voucher=1&wlan=0#/offer 
2020-01-19 18:56:46,670 INFO  [LoggingDetails] assertion done to see 5min videlo link 
2020-01-19 18:56:49,183 INFO  [LoggingDetails] in next step conditions will be checked 
2020-01-19 18:56:58,903 INFO  [LoggingDetails] all tariff results loaded 
2020-01-19 19:06:56,479 INFO  [LoggingDetails] DSL Calculator opened 
2020-01-19 19:06:59,819 INFO  [LoggingDetails] prefix entered for tariff details 
2020-01-19 19:07:06,171 INFO  [LoggingDetails] Tariff Details clicked done 
2020-01-19 19:07:06,565 INFO  [LoggingDetails] tariffs details buttons shown are:  21 
2020-01-19 19:07:06,578 INFO  [LoggingDetails] It will get proceeded from previous state 
2020-01-19 19:07:06,583 INFO  [LoggingDetails] tariff selected and opened in next step 
2020-01-19 19:07:12,612 INFO  [LoggingDetails] https://www.verivox.de/internetanbieter/telekom/351335/?cable=1&cl=24&clu=3&customer=1&customerType=2&downSpeed=50000&dsl=1&freeHardwareWanted=0&iNew=eyJmaWx0ZXIiOlsyNCwiZXhpc3RpbmdDdXN0b21lciIsInRydWUiLDIwLDE2MDAwLDEsIjAzMCIsbnVsbCxudWxsLDEsbnVsbCxudWxsLG51bGwsMCwidG90YWxDb3N0IiwidXAiLCJmbGF0cmF0ZSIsbnVsbCxudWxsLG51bGwsbnVsbCxudWxsXX0=&includeCashBackCampaigns=1&isForBusinessCustomers=0&isForStudents=0&isSpecialOffer=0&newBroadbandApp=1&prefix=030&productCampaignId=19103&productId=351335&remainingTerm=0&satellite=1&simcard=0&surfstick=0&telephony=2&thome=0&trafficLimitation=1&tv=0&upSpeed=10000&vierg=0&voucher=1&wlan=0#/offer 
2020-01-19 19:07:12,692 INFO  [LoggingDetails] assertion done to see 5min videlo link 
2020-01-19 19:07:14,968 INFO  [LoggingDetails] in next step conditions will be checked 
2020-01-19 19:10:27,213 INFO  [LoggingDetails] DSL Calculator opened 
2020-01-19 19:10:30,489 INFO  [LoggingDetails] prefix entered for tariff details 
2020-01-19 19:10:36,770 INFO  [LoggingDetails] Tariff Details clicked done 
2020-01-19 19:10:37,166 INFO  [LoggingDetails] tariffs details buttons shown are:  21 
2020-01-19 19:10:37,174 INFO  [LoggingDetails] It will get proceeded from previous state 
2020-01-19 19:10:37,182 INFO  [LoggingDetails] tariff selected and opened in next step 
2020-01-19 19:10:43,574 INFO  [LoggingDetails] https://www.verivox.de/internetanbieter/telekom/351335/?cable=1&cl=24&clu=3&customer=1&customerType=2&downSpeed=50000&dsl=1&freeHardwareWanted=0&iNew=eyJmaWx0ZXIiOlsyNCwiZXhpc3RpbmdDdXN0b21lciIsInRydWUiLDIwLDE2MDAwLDEsIjAzMCIsbnVsbCxudWxsLDEsbnVsbCxudWxsLG51bGwsMCwidG90YWxDb3N0IiwidXAiLCJmbGF0cmF0ZSIsbnVsbCxudWxsLG51bGwsbnVsbCxudWxsXX0=&includeCashBackCampaigns=1&isForBusinessCustomers=0&isForStudents=0&isSpecialOffer=0&newBroadbandApp=1&prefix=030&productCampaignId=19103&productId=351335&remainingTerm=0&satellite=1&simcard=0&surfstick=0&telephony=2&thome=0&trafficLimitation=1&tv=0&upSpeed=10000&vierg=0&voucher=1&wlan=0#/offer 
2020-01-19 19:10:43,626 INFO  [LoggingDetails] assertion done to see 5min videlo link 
2020-01-19 19:10:46,264 INFO  [LoggingDetails] in next step conditions will be checked 
2020-01-19 19:11:47,090 INFO  [LoggingDetails] DSL Calculator opened 
2020-01-19 19:11:50,381 INFO  [LoggingDetails] prefix entered for tariff details 
2020-01-19 19:11:56,052 INFO  [LoggingDetails] Tariff Details clicked done 
2020-01-19 19:11:56,225 INFO  [LoggingDetails] tariffs details buttons shown are:  21 
2020-01-19 19:11:56,239 INFO  [LoggingDetails] It will get proceeded from previous state 
2020-01-19 19:11:56,244 INFO  [LoggingDetails] tariff selected and opened in next step 
2020-01-19 19:12:02,613 INFO  [LoggingDetails] https://www.verivox.de/internetanbieter/telekom/351335/?cable=1&cl=24&clu=3&customer=1&customerType=2&downSpeed=50000&dsl=1&freeHardwareWanted=0&iNew=eyJmaWx0ZXIiOlsyNCwiZXhpc3RpbmdDdXN0b21lciIsInRydWUiLDIwLDE2MDAwLDEsIjAzMCIsbnVsbCxudWxsLDEsbnVsbCxudWxsLG51bGwsMCwidG90YWxDb3N0IiwidXAiLCJmbGF0cmF0ZSIsbnVsbCxudWxsLG51bGwsbnVsbCxudWxsXX0=&includeCashBackCampaigns=1&isForBusinessCustomers=0&isForStudents=0&isSpecialOffer=0&newBroadbandApp=1&prefix=030&productCampaignId=19103&productId=351335&remainingTerm=0&satellite=1&simcard=0&surfstick=0&telephony=2&thome=0&trafficLimitation=1&tv=0&upSpeed=10000&vierg=0&voucher=1&wlan=0#/offer 
2020-01-19 19:12:02,678 INFO  [LoggingDetails] assertion done to see 5min videlo link 
2020-01-19 19:12:04,945 INFO  [LoggingDetails] in next step conditions will be checked 
2020-01-19 19:12:14,664 INFO  [LoggingDetails] Unable to locate element: //BUTTON[contains(text(),'weitere tarife laden')]
For documentation on this error, please visit: http://seleniumhq.org/exceptions/no_such_element.html
Build info: version: '3.14.0', revision: 'aacccce0', time: '2018-08-02T20:19:58.91Z'
System info: host: 'LAPTOP-KVHSCQRU', ip: '192.168.1.123', os.name: 'Windows 10', os.arch: 'amd64', os.version: '10.0', java.version: '1.8.0_121'
Driver info: org.openqa.selenium.firefox.FirefoxDriver
Capabilities {acceptInsecureCerts: true, browserName: firefox, browserVersion: 72.0.1, javascriptEnabled: true, moz:accessibilityChecks: false, moz:buildID: 20200107212822, moz:geckodriverVersion: 0.24.0, moz:headless: false, moz:processID: 32972, moz:profile: C:\Users\ahsan\AppData\Loca..., moz:shutdownTimeout: 60000, moz:useNonSpecCompliantPointerOrigin: false, moz:webdriverClick: true, pageLoadStrategy: normal, platform: WINDOWS, platformName: WINDOWS, platformVersion: 10.0, rotatable: false, setWindowRect: true, strictFileInteractability: false, timeouts: {implicit: 0, pageLoad: 300000, script: 30000}, unhandledPromptBehavior: dismiss and notify}
Session ID: 8bf02bc2-e6a1-412c-bf28-6b092a52ef4b
*** Element info: {Using=xpath, value=//BUTTON[contains(text(),'weitere tarife laden')]} 
2020-01-19 19:12:14,670 INFO  [LoggingDetails] no more data to load 
2020-01-19 19:12:14,675 INFO  [LoggingDetails] all tariff results loaded 
2020-01-19 19:57:08,943 INFO  [LoggingDetails] It will get proceeded from previous state 
2020-01-19 19:57:08,951 INFO  [LoggingDetails] tariff selected and opened in next step 
2020-01-19 19:58:25,192 INFO  [LoggingDetails] It will get proceeded from previous state 
2020-01-19 19:58:25,199 INFO  [LoggingDetails] tariff selected and opened in next step 
2020-01-19 20:05:26,230 INFO  [LoggingDetails] It will get proceeded from previous state 
2020-01-19 20:05:26,242 INFO  [LoggingDetails] tariff selected and opened in next step 
2020-01-19 20:08:37,798 INFO  [LoggingDetails] It will get proceeded from previous state 
2020-01-19 20:08:37,807 INFO  [LoggingDetails] tariff selected and opened in next step 
2020-01-19 20:13:03,821 INFO  [LoggingDetails] DSL Calculator opened 
2020-01-19 20:13:07,108 INFO  [LoggingDetails] prefix entered for tariff details 
2020-01-19 20:13:14,751 INFO  [LoggingDetails] Tariff Details clicked done 
2020-01-19 20:13:14,825 INFO  [LoggingDetails] It will get proceeded from previous state 
2020-01-19 20:13:14,832 INFO  [LoggingDetails] tariff selected and opened in next step 
2020-01-19 20:13:21,238 INFO  [LoggingDetails] https://www.verivox.de/internetanbieter/telekom/351335/?cable=1&cl=24&clu=3&customer=1&customerType=2&downSpeed=50000&dsl=1&freeHardwareWanted=0&iNew=eyJmaWx0ZXIiOlsyNCwiZXhpc3RpbmdDdXN0b21lciIsInRydWUiLDIwLDE2MDAwLDEsIjAzMCIsbnVsbCxudWxsLDEsbnVsbCxudWxsLG51bGwsMCwidG90YWxDb3N0IiwidXAiLCJmbGF0cmF0ZSIsbnVsbCxudWxsLG51bGwsbnVsbCxudWxsXX0=&includeCashBackCampaigns=1&isForBusinessCustomers=0&isForStudents=0&isSpecialOffer=0&newBroadbandApp=1&prefix=030&productCampaignId=19103&productId=351335&remainingTerm=0&satellite=1&simcard=0&surfstick=0&telephony=2&thome=0&trafficLimitation=1&tv=0&upSpeed=10000&vierg=0&voucher=1&wlan=0#/offer 
2020-01-19 20:13:21,292 INFO  [LoggingDetails] assertion done to see 5min videlo link 
2020-01-19 20:18:50,563 INFO  [LoggingDetails] It will get proceeded from previous state 
2020-01-19 20:18:50,571 INFO  [LoggingDetails] tariff selected and opened in next step 
2020-01-19 20:31:17,623 INFO  [LoggingDetails] DSL Calculator opened 
2020-01-19 20:31:20,891 INFO  [LoggingDetails] prefix entered for tariff details 
2020-01-19 20:31:24,569 INFO  [LoggingDetails] Tariff Details clicked done 
2020-01-19 20:31:24,840 INFO  [LoggingDetails] It will get proceeded from previous state 
2020-01-19 20:31:24,849 INFO  [LoggingDetails] tariff selected and opened in next step 
2020-01-19 20:31:27,937 INFO  [LoggingDetails] in next step conditions will be checked 
2020-01-19 20:31:37,767 INFO  [LoggingDetails] Unable to locate element: //BUTTON[contains(text(),'weitere tarife laden')]
For documentation on this error, please visit: http://seleniumhq.org/exceptions/no_such_element.html
Build info: version: '3.14.0', revision: 'aacccce0', time: '2018-08-02T20:19:58.91Z'
System info: host: 'LAPTOP-KVHSCQRU', ip: '192.168.1.123', os.name: 'Windows 10', os.arch: 'amd64', os.version: '10.0', java.version: '1.8.0_121'
Driver info: org.openqa.selenium.firefox.FirefoxDriver
Capabilities {acceptInsecureCerts: true, browserName: firefox, browserVersion: 72.0.1, javascriptEnabled: true, moz:accessibilityChecks: false, moz:buildID: 20200107212822, moz:geckodriverVersion: 0.24.0, moz:headless: false, moz:processID: 13092, moz:profile: C:\Users\ahsan\AppData\Loca..., moz:shutdownTimeout: 60000, moz:useNonSpecCompliantPointerOrigin: false, moz:webdriverClick: true, pageLoadStrategy: normal, platform: WINDOWS, platformName: WINDOWS, platformVersion: 10.0, rotatable: false, setWindowRect: true, strictFileInteractability: false, timeouts: {implicit: 0, pageLoad: 300000, script: 30000}, unhandledPromptBehavior: dismiss and notify}
Session ID: 421310f7-fdd9-4f28-96d7-6029dd8ad8de
*** Element info: {Using=xpath, value=//BUTTON[contains(text(),'weitere tarife laden')]} 
2020-01-19 20:31:37,772 INFO  [LoggingDetails] no more data to load 
2020-01-19 20:31:37,778 INFO  [LoggingDetails] all tariff results loaded 
2020-01-19 20:33:01,988 INFO  [LoggingDetails] DSL Calculator opened 
2020-01-19 20:33:05,266 INFO  [LoggingDetails] prefix entered for tariff details 
2020-01-19 20:33:11,476 INFO  [LoggingDetails] Tariff Details clicked done 
2020-01-19 20:33:11,544 INFO  [LoggingDetails] It will get proceeded from previous state 
2020-01-19 20:33:11,551 INFO  [LoggingDetails] tariff selected and opened in next step 
2020-01-19 20:33:17,961 INFO  [LoggingDetails] https://www.verivox.de/internetanbieter/telekom/351335/?cable=1&cl=24&clu=3&customer=1&customerType=2&downSpeed=50000&dsl=1&freeHardwareWanted=0&iNew=eyJmaWx0ZXIiOlsyNCwiZXhpc3RpbmdDdXN0b21lciIsInRydWUiLDIwLDE2MDAwLDEsIjAzMCIsbnVsbCxudWxsLDEsbnVsbCxudWxsLG51bGwsMCwidG90YWxDb3N0IiwidXAiLCJmbGF0cmF0ZSIsbnVsbCxudWxsLG51bGwsbnVsbCxudWxsXX0=&includeCashBackCampaigns=1&isForBusinessCustomers=0&isForStudents=0&isSpecialOffer=0&newBroadbandApp=1&prefix=030&productCampaignId=19103&productId=351335&remainingTerm=0&satellite=1&simcard=0&surfstick=0&telephony=2&thome=0&trafficLimitation=1&tv=0&upSpeed=10000&vierg=0&voucher=1&wlan=0#/offer 
2020-01-19 20:33:18,041 INFO  [LoggingDetails] assertion done to see 5min videlo link 
2020-01-19 20:33:20,769 INFO  [LoggingDetails] in next step conditions will be checked 
2020-01-19 20:33:30,479 INFO  [LoggingDetails] Unable to locate element: //BUTTON[contains(text(),'weitere tarife laden')]
For documentation on this error, please visit: http://seleniumhq.org/exceptions/no_such_element.html
Build info: version: '3.14.0', revision: 'aacccce0', time: '2018-08-02T20:19:58.91Z'
System info: host: 'LAPTOP-KVHSCQRU', ip: '192.168.1.123', os.name: 'Windows 10', os.arch: 'amd64', os.version: '10.0', java.version: '1.8.0_121'
Driver info: org.openqa.selenium.firefox.FirefoxDriver
Capabilities {acceptInsecureCerts: true, browserName: firefox, browserVersion: 72.0.1, javascriptEnabled: true, moz:accessibilityChecks: false, moz:buildID: 20200107212822, moz:geckodriverVersion: 0.24.0, moz:headless: false, moz:processID: 33112, moz:profile: C:\Users\ahsan\AppData\Loca..., moz:shutdownTimeout: 60000, moz:useNonSpecCompliantPointerOrigin: false, moz:webdriverClick: true, pageLoadStrategy: normal, platform: WINDOWS, platformName: WINDOWS, platformVersion: 10.0, rotatable: false, setWindowRect: true, strictFileInteractability: false, timeouts: {implicit: 0, pageLoad: 300000, script: 30000}, unhandledPromptBehavior: dismiss and notify}
Session ID: c83d5228-5372-4f6f-90d3-3f4595acdec4
*** Element info: {Using=xpath, value=//BUTTON[contains(text(),'weitere tarife laden')]} 
2020-01-19 20:33:30,485 INFO  [LoggingDetails] no more data to load 
2020-01-19 20:33:30,492 INFO  [LoggingDetails] all tariff results loaded 
2020-01-19 20:35:57,193 INFO  [LoggingDetails] DSL Calculator opened 
2020-01-19 20:36:00,452 INFO  [LoggingDetails] prefix entered for tariff details 
2020-01-19 20:36:03,958 INFO  [LoggingDetails] Tariff Details clicked done 
2020-01-19 20:36:04,029 INFO  [LoggingDetails] It will get proceeded from previous state 
2020-01-19 20:36:04,038 INFO  [LoggingDetails] tariff selected and opened in next step 
2020-01-19 20:36:07,056 INFO  [LoggingDetails] in next step conditions will be checked 
2020-01-19 20:36:16,855 INFO  [LoggingDetails] Unable to locate element: //BUTTON[contains(text(),'weitere tarife laden')]
For documentation on this error, please visit: http://seleniumhq.org/exceptions/no_such_element.html
Build info: version: '3.14.0', revision: 'aacccce0', time: '2018-08-02T20:19:58.91Z'
System info: host: 'LAPTOP-KVHSCQRU', ip: '192.168.1.123', os.name: 'Windows 10', os.arch: 'amd64', os.version: '10.0', java.version: '1.8.0_121'
Driver info: org.openqa.selenium.firefox.FirefoxDriver
Capabilities {acceptInsecureCerts: true, browserName: firefox, browserVersion: 72.0.1, javascriptEnabled: true, moz:accessibilityChecks: false, moz:buildID: 20200107212822, moz:geckodriverVersion: 0.24.0, moz:headless: false, moz:processID: 34656, moz:profile: C:\Users\ahsan\AppData\Loca..., moz:shutdownTimeout: 60000, moz:useNonSpecCompliantPointerOrigin: false, moz:webdriverClick: true, pageLoadStrategy: normal, platform: WINDOWS, platformName: WINDOWS, platformVersion: 10.0, rotatable: false, setWindowRect: true, strictFileInteractability: false, timeouts: {implicit: 0, pageLoad: 300000, script: 30000}, unhandledPromptBehavior: dismiss and notify}
Session ID: 022d7cf4-4495-460f-97f1-c685b17fbf07
*** Element info: {Using=xpath, value=//BUTTON[contains(text(),'weitere tarife laden')]} 
2020-01-19 20:36:16,861 INFO  [LoggingDetails] no more data to load 
2020-01-19 20:36:16,867 INFO  [LoggingDetails] all tariff results loaded 
2020-01-19 20:37:41,063 INFO  [LoggingDetails] DSL Calculator opened 
2020-01-19 20:37:44,354 INFO  [LoggingDetails] prefix entered for tariff details 
2020-01-19 20:37:47,282 INFO  [LoggingDetails] Tariff Details clicked done 
2020-01-19 20:37:47,537 INFO  [LoggingDetails] It will get proceeded from previous state 
2020-01-19 20:37:47,546 INFO  [LoggingDetails] tariff selected and opened in next step 
2020-01-19 20:38:49,763 INFO  [LoggingDetails] DSL Calculator opened 
2020-01-19 20:38:53,029 INFO  [LoggingDetails] prefix entered for tariff details 
2020-01-19 20:39:01,009 INFO  [LoggingDetails] Tariff Details clicked done 
2020-01-19 20:40:53,090 INFO  [LoggingDetails] tariffs details buttons shown are:  21 
2020-01-19 20:40:53,099 INFO  [LoggingDetails] It will get proceeded from previous state 
2020-01-19 20:40:53,105 INFO  [LoggingDetails] tariff selected and opened in next step 
2020-01-19 20:43:57,631 INFO  [LoggingDetails] DSL Calculator opened 
2020-01-19 20:44:00,892 INFO  [LoggingDetails] prefix entered for tariff details 
2020-01-19 20:44:07,344 INFO  [LoggingDetails] Tariff Details clicked done 
2020-01-19 20:44:07,518 INFO  [LoggingDetails] tariffs details buttons shown are:  21 
2020-01-19 20:44:07,527 INFO  [LoggingDetails] It will get proceeded from previous state 
2020-01-19 20:44:07,534 INFO  [LoggingDetails] tariff selected and opened in next step 
2020-01-19 20:44:13,455 INFO  [LoggingDetails] https://www.verivox.de/internetanbieter/telekom/351335/?cable=1&cl=24&clu=3&customer=1&customerType=2&downSpeed=50000&dsl=1&freeHardwareWanted=0&iNew=eyJmaWx0ZXIiOlsyNCwiZXhpc3RpbmdDdXN0b21lciIsInRydWUiLDIwLDE2MDAwLDEsIjAzMCIsbnVsbCxudWxsLDEsbnVsbCxudWxsLG51bGwsMCwidG90YWxDb3N0IiwidXAiLCJmbGF0cmF0ZSIsbnVsbCxudWxsLG51bGwsbnVsbCxudWxsXX0=&includeCashBackCampaigns=1&isForBusinessCustomers=0&isForStudents=0&isSpecialOffer=0&newBroadbandApp=1&prefix=030&productCampaignId=19103&productId=351335&remainingTerm=0&satellite=1&simcard=0&surfstick=0&telephony=2&thome=0&trafficLimitation=1&tv=0&upSpeed=10000&vierg=0&voucher=1&wlan=0#/offer 
2020-01-19 20:44:13,547 INFO  [LoggingDetails] assertion done to see 5min videlo link 
2020-01-19 20:44:15,690 INFO  [LoggingDetails] in next step conditions will be checked 
2020-01-19 20:44:25,544 INFO  [LoggingDetails] Unable to locate element: //BUTTON[contains(text(),'weitere tarife laden')]
For documentation on this error, please visit: http://seleniumhq.org/exceptions/no_such_element.html
Build info: version: '3.14.0', revision: 'aacccce0', time: '2018-08-02T20:19:58.91Z'
System info: host: 'LAPTOP-KVHSCQRU', ip: '192.168.1.123', os.name: 'Windows 10', os.arch: 'amd64', os.version: '10.0', java.version: '1.8.0_121'
Driver info: org.openqa.selenium.firefox.FirefoxDriver
Capabilities {acceptInsecureCerts: true, browserName: firefox, browserVersion: 72.0.1, javascriptEnabled: true, moz:accessibilityChecks: false, moz:buildID: 20200107212822, moz:geckodriverVersion: 0.24.0, moz:headless: false, moz:processID: 24448, moz:profile: C:\Users\ahsan\AppData\Loca..., moz:shutdownTimeout: 60000, moz:useNonSpecCompliantPointerOrigin: false, moz:webdriverClick: true, pageLoadStrategy: normal, platform: WINDOWS, platformName: WINDOWS, platformVersion: 10.0, rotatable: false, setWindowRect: true, strictFileInteractability: false, timeouts: {implicit: 0, pageLoad: 300000, script: 30000}, unhandledPromptBehavior: dismiss and notify}
Session ID: d0541c70-fa41-4669-8fbd-3bd0b6dd7858
*** Element info: {Using=xpath, value=//BUTTON[contains(text(),'weitere tarife laden')]} 
2020-01-19 20:44:25,553 INFO  [LoggingDetails] no more data to load 
2020-01-19 20:44:25,557 INFO  [LoggingDetails] all tariff results loaded 
2020-01-19 20:46:25,514 INFO  [LoggingDetails] DSL Calculator opened 
2020-01-19 20:46:28,771 INFO  [LoggingDetails] prefix entered for tariff details 
2020-01-19 20:46:35,026 INFO  [LoggingDetails] Tariff Details clicked done 
2020-01-19 20:46:35,119 INFO  [LoggingDetails] It will get proceeded from previous state 
2020-01-19 20:46:35,135 INFO  [LoggingDetails] tariff selected and opened in next step 
2020-01-19 20:46:38,171 INFO  [LoggingDetails] in next step conditions will be checked 
2020-01-19 20:46:47,967 INFO  [LoggingDetails] Unable to locate element: //BUTTON[contains(text(),'weitere tarife laden')]
For documentation on this error, please visit: http://seleniumhq.org/exceptions/no_such_element.html
Build info: version: '3.14.0', revision: 'aacccce0', time: '2018-08-02T20:19:58.91Z'
System info: host: 'LAPTOP-KVHSCQRU', ip: '192.168.1.123', os.name: 'Windows 10', os.arch: 'amd64', os.version: '10.0', java.version: '1.8.0_121'
Driver info: org.openqa.selenium.firefox.FirefoxDriver
Capabilities {acceptInsecureCerts: true, browserName: firefox, browserVersion: 72.0.1, javascriptEnabled: true, moz:accessibilityChecks: false, moz:buildID: 20200107212822, moz:geckodriverVersion: 0.24.0, moz:headless: false, moz:processID: 18804, moz:profile: C:\Users\ahsan\AppData\Loca..., moz:shutdownTimeout: 60000, moz:useNonSpecCompliantPointerOrigin: false, moz:webdriverClick: true, pageLoadStrategy: normal, platform: WINDOWS, platformName: WINDOWS, platformVersion: 10.0, rotatable: false, setWindowRect: true, strictFileInteractability: false, timeouts: {implicit: 0, pageLoad: 300000, script: 30000}, unhandledPromptBehavior: dismiss and notify}
Session ID: 588633d1-ab6a-4e41-b9fb-53b4ebb673c2
*** Element info: {Using=xpath, value=//BUTTON[contains(text(),'weitere tarife laden')]} 
2020-01-19 20:46:47,974 INFO  [LoggingDetails] no more data to load 
2020-01-19 20:46:47,982 INFO  [LoggingDetails] all tariff results loaded 
2020-01-19 20:48:00,004 INFO  [LoggingDetails] DSL Calculator opened 
2020-01-19 20:48:03,273 INFO  [LoggingDetails] prefix entered for tariff details 
2020-01-19 20:48:09,208 INFO  [LoggingDetails] Tariff Details clicked done 
2020-01-19 20:48:12,318 INFO  [LoggingDetails] tariffs details buttons shown are:  21 
2020-01-19 20:48:12,326 INFO  [LoggingDetails] It will get proceeded from previous state 
2020-01-19 20:48:12,332 INFO  [LoggingDetails] tariff selected and opened in next step 
2020-01-19 20:48:18,420 INFO  [LoggingDetails] https://www.verivox.de/internetanbieter/telekom/351335/?cable=1&cl=24&clu=3&customer=1&customerType=2&downSpeed=50000&dsl=1&freeHardwareWanted=0&iNew=eyJmaWx0ZXIiOlsyNCwiZXhpc3RpbmdDdXN0b21lciIsInRydWUiLDIwLDE2MDAwLDEsIjAzMCIsbnVsbCxudWxsLDEsbnVsbCxudWxsLG51bGwsMCwidG90YWxDb3N0IiwidXAiLCJmbGF0cmF0ZSIsbnVsbCxudWxsLG51bGwsbnVsbCxudWxsXX0=&includeCashBackCampaigns=1&isForBusinessCustomers=0&isForStudents=0&isSpecialOffer=0&newBroadbandApp=1&prefix=030&productCampaignId=19103&productId=351335&remainingTerm=0&satellite=1&simcard=0&surfstick=0&telephony=2&thome=0&trafficLimitation=1&tv=0&upSpeed=10000&vierg=0&voucher=1&wlan=0#/offer 
2020-01-19 20:48:18,522 INFO  [LoggingDetails] assertion done to see 5min videlo link 
2020-01-19 20:48:21,033 INFO  [LoggingDetails] in next step conditions will be checked 
2020-01-19 20:48:30,704 INFO  [LoggingDetails] Unable to locate element: //BUTTON[contains(text(),'weitere tarife laden')]
For documentation on this error, please visit: http://seleniumhq.org/exceptions/no_such_element.html
Build info: version: '3.14.0', revision: 'aacccce0', time: '2018-08-02T20:19:58.91Z'
System info: host: 'LAPTOP-KVHSCQRU', ip: '192.168.1.123', os.name: 'Windows 10', os.arch: 'amd64', os.version: '10.0', java.version: '1.8.0_121'
Driver info: org.openqa.selenium.firefox.FirefoxDriver
Capabilities {acceptInsecureCerts: true, browserName: firefox, browserVersion: 72.0.1, javascriptEnabled: true, moz:accessibilityChecks: false, moz:buildID: 20200107212822, moz:geckodriverVersion: 0.24.0, moz:headless: false, moz:processID: 29628, moz:profile: C:\Users\ahsan\AppData\Loca..., moz:shutdownTimeout: 60000, moz:useNonSpecCompliantPointerOrigin: false, moz:webdriverClick: true, pageLoadStrategy: normal, platform: WINDOWS, platformName: WINDOWS, platformVersion: 10.0, rotatable: false, setWindowRect: true, strictFileInteractability: false, timeouts: {implicit: 0, pageLoad: 300000, script: 30000}, unhandledPromptBehavior: dismiss and notify}
Session ID: 642bf151-ae57-4b0d-b348-fc47009e5d83
*** Element info: {Using=xpath, value=//BUTTON[contains(text(),'weitere tarife laden')]} 
2020-01-19 20:48:30,709 INFO  [LoggingDetails] no more data to load 
2020-01-19 20:48:30,717 INFO  [LoggingDetails] all tariff results loaded 
2020-01-19 20:51:59,923 INFO  [LoggingDetails] DSL Calculator opened 
2020-01-19 20:52:03,212 INFO  [LoggingDetails] prefix entered for tariff details 
2020-01-19 20:52:09,334 INFO  [LoggingDetails] Tariff Details clicked done 
2020-01-19 20:52:12,453 INFO  [LoggingDetails] tariffs details buttons shown are:  21 
2020-01-19 20:52:12,462 INFO  [LoggingDetails] It will get proceeded from previous state 
2020-01-19 20:52:12,471 INFO  [LoggingDetails] tariff selected and opened in next step 
2020-01-19 20:52:18,447 INFO  [LoggingDetails] https://www.verivox.de/internetanbieter/telekom/351335/?cable=1&cl=24&clu=3&customer=1&customerType=2&downSpeed=50000&dsl=1&freeHardwareWanted=0&iNew=eyJmaWx0ZXIiOlsyNCwiZXhpc3RpbmdDdXN0b21lciIsInRydWUiLDIwLDE2MDAwLDEsIjAzMCIsbnVsbCxudWxsLDEsbnVsbCxudWxsLG51bGwsMCwidG90YWxDb3N0IiwidXAiLCJmbGF0cmF0ZSIsbnVsbCxudWxsLG51bGwsbnVsbCxudWxsXX0=&includeCashBackCampaigns=1&isForBusinessCustomers=0&isForStudents=0&isSpecialOffer=0&newBroadbandApp=1&prefix=030&productCampaignId=19103&productId=351335&remainingTerm=0&satellite=1&simcard=0&surfstick=0&telephony=2&thome=0&trafficLimitation=1&tv=0&upSpeed=10000&vierg=0&voucher=1&wlan=0#/offer 
2020-01-19 20:52:18,549 INFO  [LoggingDetails] assertion done to see 5min videlo link 
2020-01-19 20:52:20,942 INFO  [LoggingDetails] in next step conditions will be checked 
2020-01-19 20:52:30,681 INFO  [LoggingDetails] Unable to locate element: //BUTTON[contains(text(),'weitere tarife laden')]
For documentation on this error, please visit: http://seleniumhq.org/exceptions/no_such_element.html
Build info: version: '3.14.0', revision: 'aacccce0', time: '2018-08-02T20:19:58.91Z'
System info: host: 'LAPTOP-KVHSCQRU', ip: '192.168.1.123', os.name: 'Windows 10', os.arch: 'amd64', os.version: '10.0', java.version: '1.8.0_121'
Driver info: org.openqa.selenium.firefox.FirefoxDriver
Capabilities {acceptInsecureCerts: true, browserName: firefox, browserVersion: 72.0.1, javascriptEnabled: true, moz:accessibilityChecks: false, moz:buildID: 20200107212822, moz:geckodriverVersion: 0.24.0, moz:headless: false, moz:processID: 31324, moz:profile: C:\Users\ahsan\AppData\Loca..., moz:shutdownTimeout: 60000, moz:useNonSpecCompliantPointerOrigin: false, moz:webdriverClick: true, pageLoadStrategy: normal, platform: WINDOWS, platformName: WINDOWS, platformVersion: 10.0, rotatable: false, setWindowRect: true, strictFileInteractability: false, timeouts: {implicit: 0, pageLoad: 300000, script: 30000}, unhandledPromptBehavior: dismiss and notify}
Session ID: ccfc0e2e-2b12-4628-8ebf-cb2717647ca9
*** Element info: {Using=xpath, value=//BUTTON[contains(text(),'weitere tarife laden')]} 
2020-01-19 20:52:30,687 INFO  [LoggingDetails] no more data to load 
2020-01-19 20:52:30,713 INFO  [LoggingDetails] all tariff results loaded 
2020-01-19 21:02:23,941 INFO  [LoggingDetails] DSL Calculator opened 
2020-01-19 21:02:27,266 INFO  [LoggingDetails] prefix entered for tariff details 
2020-01-19 21:02:33,851 INFO  [LoggingDetails] Tariff Details clicked done 
2020-01-19 21:02:37,213 INFO  [LoggingDetails] tariffs details buttons shown are:  21 
2020-01-19 21:02:37,233 INFO  [LoggingDetails] It will get proceeded from previous state 
2020-01-19 21:02:37,247 INFO  [LoggingDetails] tariff selected and opened in next step 
2020-01-19 21:02:43,547 INFO  [LoggingDetails] https://www.verivox.de/internetanbieter/telekom/351335/?cable=1&cl=24&clu=3&customer=1&customerType=2&downSpeed=50000&dsl=1&freeHardwareWanted=0&iNew=eyJmaWx0ZXIiOlsyNCwiZXhpc3RpbmdDdXN0b21lciIsInRydWUiLDIwLDE2MDAwLDEsIjAzMCIsbnVsbCxudWxsLDEsbnVsbCxudWxsLG51bGwsMCwidG90YWxDb3N0IiwidXAiLCJmbGF0cmF0ZSIsbnVsbCxudWxsLG51bGwsbnVsbCxudWxsXX0=&includeCashBackCampaigns=1&isForBusinessCustomers=0&isForStudents=0&isSpecialOffer=0&newBroadbandApp=1&prefix=030&productCampaignId=19103&productId=351335&remainingTerm=0&satellite=1&simcard=0&surfstick=0&telephony=2&thome=0&trafficLimitation=1&tv=0&upSpeed=10000&vierg=0&voucher=1&wlan=0#/offer 
2020-01-19 21:02:43,765 INFO  [LoggingDetails] assertion done to see 5min videlo link 
2020-01-19 21:02:45,089 INFO  [LoggingDetails] in next step conditions will be checked 
2020-01-19 21:04:00,883 INFO  [LoggingDetails] DSL Calculator opened 
2020-01-19 21:04:04,261 INFO  [LoggingDetails] prefix entered for tariff details 
2020-01-19 21:04:12,930 INFO  [LoggingDetails] Tariff Details clicked done 
2020-01-19 21:04:15,998 INFO  [LoggingDetails] It will get proceeded from previous state 
2020-01-19 21:04:16,009 INFO  [LoggingDetails] tariff selected and opened in next step 
2020-01-19 21:04:24,189 INFO  [LoggingDetails] in next step conditions will be checked 
2020-01-19 21:05:17,733 INFO  [LoggingDetails] DSL Calculator opened 
2020-01-19 21:05:21,080 INFO  [LoggingDetails] prefix entered for tariff details 
2020-01-19 21:05:27,319 INFO  [LoggingDetails] Tariff Details clicked done 
2020-01-19 21:05:30,489 INFO  [LoggingDetails] tariffs details buttons shown are:  21 
2020-01-19 21:05:30,506 INFO  [LoggingDetails] It will get proceeded from previous state 
2020-01-19 21:05:30,514 INFO  [LoggingDetails] tariff selected and opened in next step 
2020-01-19 21:05:36,771 INFO  [LoggingDetails] https://www.verivox.de/internetanbieter/telekom/351335/?cable=1&cl=24&clu=3&customer=1&customerType=2&downSpeed=50000&dsl=1&freeHardwareWanted=0&iNew=eyJmaWx0ZXIiOlsyNCwiZXhpc3RpbmdDdXN0b21lciIsInRydWUiLDIwLDE2MDAwLDEsIjAzMCIsbnVsbCxudWxsLDEsbnVsbCxudWxsLG51bGwsMCwidG90YWxDb3N0IiwidXAiLCJmbGF0cmF0ZSIsbnVsbCxudWxsLG51bGwsbnVsbCxudWxsXX0=&includeCashBackCampaigns=1&isForBusinessCustomers=0&isForStudents=0&isSpecialOffer=0&newBroadbandApp=1&prefix=030&productCampaignId=19103&productId=351335&remainingTerm=0&satellite=1&simcard=0&surfstick=0&telephony=2&thome=0&trafficLimitation=1&tv=0&upSpeed=10000&vierg=0&voucher=1&wlan=0#/offer 
2020-01-19 21:05:36,988 INFO  [LoggingDetails] assertion done to see 5min videlo link 
2020-01-19 21:05:39,672 INFO  [LoggingDetails] in next step conditions will be checked 
2020-01-19 21:05:49,607 INFO  [LoggingDetails] Unable to locate element: //BUTTON[contains(text(),'weitere tarife laden')]
For documentation on this error, please visit: http://seleniumhq.org/exceptions/no_such_element.html
Build info: version: '3.14.0', revision: 'aacccce0', time: '2018-08-02T20:19:58.91Z'
System info: host: 'LAPTOP-KVHSCQRU', ip: '192.168.1.123', os.name: 'Windows 10', os.arch: 'amd64', os.version: '10.0', java.version: '1.8.0_121'
Driver info: org.openqa.selenium.firefox.FirefoxDriver
Capabilities {acceptInsecureCerts: true, browserName: firefox, browserVersion: 72.0.1, javascriptEnabled: true, moz:accessibilityChecks: false, moz:buildID: 20200107212822, moz:geckodriverVersion: 0.24.0, moz:headless: false, moz:processID: 34524, moz:profile: C:\Users\ahsan\AppData\Loca..., moz:shutdownTimeout: 60000, moz:useNonSpecCompliantPointerOrigin: false, moz:webdriverClick: true, pageLoadStrategy: normal, platform: WINDOWS, platformName: WINDOWS, platformVersion: 10.0, rotatable: false, setWindowRect: true, strictFileInteractability: false, timeouts: {implicit: 0, pageLoad: 300000, script: 30000}, unhandledPromptBehavior: dismiss and notify}
Session ID: cc3d8875-7692-43c1-93b3-41a8f537b4e4
*** Element info: {Using=xpath, value=//BUTTON[contains(text(),'weitere tarife laden')]} 
2020-01-19 21:05:49,612 INFO  [LoggingDetails] no more data to load 
2020-01-19 21:05:49,625 INFO  [LoggingDetails] all tariff results loaded 
2020-01-19 21:07:12,848 INFO  [LoggingDetails] DSL Calculator opened 
2020-01-19 21:07:16,236 INFO  [LoggingDetails] prefix entered for tariff details 
2020-01-19 21:07:24,852 INFO  [LoggingDetails] Tariff Details clicked done 
2020-01-19 21:07:28,062 INFO  [LoggingDetails] tariffs details buttons shown are:  21 
2020-01-19 21:07:28,076 INFO  [LoggingDetails] It will get proceeded from previous state 
2020-01-19 21:07:28,087 INFO  [LoggingDetails] tariff selected and opened in next step 
2020-01-19 21:07:34,650 INFO  [LoggingDetails] https://www.verivox.de/internetanbieter/telekom/351335/?cable=1&cl=24&clu=3&customer=1&customerType=2&downSpeed=50000&dsl=1&freeHardwareWanted=0&iNew=eyJmaWx0ZXIiOlsyNCwiZXhpc3RpbmdDdXN0b21lciIsInRydWUiLDIwLDE2MDAwLDEsIjAzMCIsbnVsbCxudWxsLDEsbnVsbCxudWxsLG51bGwsMCwidG90YWxDb3N0IiwidXAiLCJmbGF0cmF0ZSIsbnVsbCxudWxsLG51bGwsbnVsbCxudWxsXX0=&includeCashBackCampaigns=1&isForBusinessCustomers=0&isForStudents=0&isSpecialOffer=0&newBroadbandApp=1&prefix=030&productCampaignId=19103&productId=351335&remainingTerm=0&satellite=1&simcard=0&surfstick=0&telephony=2&thome=0&trafficLimitation=1&tv=0&upSpeed=10000&vierg=0&voucher=1&wlan=0#/offer 
2020-01-19 21:07:34,805 INFO  [LoggingDetails] assertion done to see 5min videlo link 
2020-01-19 21:07:38,173 INFO  [LoggingDetails] in next step conditions will be checked 
2020-01-19 21:08:31,192 INFO  [LoggingDetails] DSL Calculator opened 
2020-01-19 21:08:34,536 INFO  [LoggingDetails] prefix entered for tariff details 
2020-01-19 21:08:41,342 INFO  [LoggingDetails] Tariff Details clicked done 
2020-01-19 21:08:44,524 INFO  [LoggingDetails] tariffs details buttons shown are:  21 
2020-01-19 21:08:44,541 INFO  [LoggingDetails] It will get proceeded from previous state 
2020-01-19 21:08:44,553 INFO  [LoggingDetails] tariff selected and opened in next step 
2020-01-19 21:08:50,742 INFO  [LoggingDetails] https://www.verivox.de/internetanbieter/telekom/351335/?cable=1&cl=24&clu=3&customer=1&customerType=2&downSpeed=50000&dsl=1&freeHardwareWanted=0&iNew=eyJmaWx0ZXIiOlsyNCwiZXhpc3RpbmdDdXN0b21lciIsInRydWUiLDIwLDE2MDAwLDEsIjAzMCIsbnVsbCxudWxsLDEsbnVsbCxudWxsLG51bGwsMCwidG90YWxDb3N0IiwidXAiLCJmbGF0cmF0ZSIsbnVsbCxudWxsLG51bGwsbnVsbCxudWxsXX0=&includeCashBackCampaigns=1&isForBusinessCustomers=0&isForStudents=0&isSpecialOffer=0&newBroadbandApp=1&prefix=030&productCampaignId=19103&productId=351335&remainingTerm=0&satellite=1&simcard=0&surfstick=0&telephony=2&thome=0&trafficLimitation=1&tv=0&upSpeed=10000&vierg=0&voucher=1&wlan=0#/offer 
2020-01-19 21:08:50,891 INFO  [LoggingDetails] assertion done to see 5min videlo link 
2020-01-19 21:08:51,905 INFO  [LoggingDetails] in next step conditions will be checked 
2020-01-19 21:09:02,545 INFO  [LoggingDetails] Unable to locate element: //BUTTON[contains(text(),'weitere tarife laden')]
For documentation on this error, please visit: http://seleniumhq.org/exceptions/no_such_element.html
Build info: version: '3.14.0', revision: 'aacccce0', time: '2018-08-02T20:19:58.91Z'
System info: host: 'LAPTOP-KVHSCQRU', ip: '192.168.1.123', os.name: 'Windows 10', os.arch: 'amd64', os.version: '10.0', java.version: '1.8.0_121'
Driver info: org.openqa.selenium.firefox.FirefoxDriver
Capabilities {acceptInsecureCerts: true, browserName: firefox, browserVersion: 72.0.1, javascriptEnabled: true, moz:accessibilityChecks: false, moz:buildID: 20200107212822, moz:geckodriverVersion: 0.24.0, moz:headless: false, moz:processID: 34192, moz:profile: C:\Users\ahsan\AppData\Loca..., moz:shutdownTimeout: 60000, moz:useNonSpecCompliantPointerOrigin: false, moz:webdriverClick: true, pageLoadStrategy: normal, platform: WINDOWS, platformName: WINDOWS, platformVersion: 10.0, rotatable: false, setWindowRect: true, strictFileInteractability: false, timeouts: {implicit: 0, pageLoad: 300000, script: 30000}, unhandledPromptBehavior: dismiss and notify}
Session ID: 9a1a44ce-b746-4e45-8872-53b5c9a8b8bd
*** Element info: {Using=xpath, value=//BUTTON[contains(text(),'weitere tarife laden')]} 
2020-01-19 21:09:02,556 INFO  [LoggingDetails] no more data to load 
2020-01-19 21:09:02,567 INFO  [LoggingDetails] all tariff results loaded 
2020-01-19 23:18:58,166 INFO  [LoggingDetails] DSL Calculator opened 
2020-01-19 23:19:01,495 INFO  [LoggingDetails] prefix entered for tariff details 
2020-01-19 23:19:09,320 INFO  [LoggingDetails] Tariff Details clicked done 
2020-01-19 23:19:12,521 INFO  [LoggingDetails] tariffs details buttons shown are:  21 
2020-01-19 23:19:12,539 INFO  [LoggingDetails] It will get proceeded from previous state 
2020-01-19 23:19:12,546 INFO  [LoggingDetails] tariff selected and opened in next step 
2020-01-19 23:19:19,099 INFO  [LoggingDetails] https://www.verivox.de/internetanbieter/telekom/351335/?cable=1&cl=24&clu=3&customer=1&customerType=2&downSpeed=50000&dsl=1&freeHardwareWanted=0&iNew=eyJmaWx0ZXIiOlsyNCwiZXhpc3RpbmdDdXN0b21lciIsInRydWUiLDIwLDE2MDAwLDEsIjAzMCIsbnVsbCxudWxsLDEsbnVsbCxudWxsLG51bGwsMCwidG90YWxDb3N0IiwidXAiLCJmbGF0cmF0ZSIsbnVsbCxudWxsLG51bGwsbnVsbCxudWxsXX0=&includeCashBackCampaigns=1&isForBusinessCustomers=0&isForStudents=0&isSpecialOffer=0&newBroadbandApp=1&prefix=030&productCampaignId=19103&productId=351335&remainingTerm=0&satellite=1&simcard=0&surfstick=0&telephony=2&thome=0&trafficLimitation=1&tv=0&upSpeed=10000&vierg=0&voucher=1&wlan=0#/offer 
2020-01-19 23:19:19,478 INFO  [LoggingDetails] assertion done to see 5min videlo link 
2020-01-19 23:19:22,337 INFO  [LoggingDetails] in next step conditions will be checked 
2020-01-19 23:19:32,258 INFO  [LoggingDetails] Unable to locate element: //BUTTON[contains(text(),'weitere tarife laden')]
For documentation on this error, please visit: http://seleniumhq.org/exceptions/no_such_element.html
Build info: version: '3.14.0', revision: 'aacccce0', time: '2018-08-02T20:19:58.91Z'
System info: host: 'LAPTOP-KVHSCQRU', ip: '192.168.1.123', os.name: 'Windows 10', os.arch: 'amd64', os.version: '10.0', java.version: '1.8.0_121'
Driver info: org.openqa.selenium.firefox.FirefoxDriver
Capabilities {acceptInsecureCerts: true, browserName: firefox, browserVersion: 72.0.1, javascriptEnabled: true, moz:accessibilityChecks: false, moz:buildID: 20200107212822, moz:geckodriverVersion: 0.24.0, moz:headless: false, moz:processID: 22052, moz:profile: C:\Users\ahsan\AppData\Loca..., moz:shutdownTimeout: 60000, moz:useNonSpecCompliantPointerOrigin: false, moz:webdriverClick: true, pageLoadStrategy: normal, platform: WINDOWS, platformName: WINDOWS, platformVersion: 10.0, rotatable: false, setWindowRect: true, strictFileInteractability: false, timeouts: {implicit: 0, pageLoad: 300000, script: 30000}, unhandledPromptBehavior: dismiss and notify}
Session ID: 7dac9732-2f58-4754-a68b-974ff259293b
*** Element info: {Using=xpath, value=//BUTTON[contains(text(),'weitere tarife laden')]} 
2020-01-19 23:19:32,265 INFO  [LoggingDetails] no more data to load 
2020-01-19 23:19:32,275 INFO  [LoggingDetails] all result list is fetched 
2020-01-19 23:19:32,307 INFO  [LoggingDetails] all tariff results loaded 
2020-01-20 00:12:56,331 INFO  [LoggingDetails] DSL Calculator opened 
2020-01-20 00:12:59,686 INFO  [LoggingDetails] prefix entered for tariff details 
2020-01-20 00:13:04,356 INFO  [LoggingDetails] fetching tariff results for prefix 030 
2020-01-20 00:13:09,532 INFO  [LoggingDetails] tariffs details buttons shown are:  21 
2020-01-20 00:13:09,543 INFO  [LoggingDetails] It will get proceeded from previous state 
2020-01-20 00:13:09,556 INFO  [LoggingDetails] tariff selection and opening 
2020-01-20 00:13:18,115 INFO  [LoggingDetails] https://www.verivox.de/internetanbieter/telekom/351335/?cable=1&cl=24&clu=3&customer=1&customerType=2&downSpeed=50000&dsl=1&freeHardwareWanted=0&iNew=eyJmaWx0ZXIiOlsyNCwiZXhpc3RpbmdDdXN0b21lciIsInRydWUiLDIwLDE2MDAwLDEsIjAzMCIsbnVsbCxudWxsLDEsbnVsbCxudWxsLG51bGwsMCwidG90YWxDb3N0IiwidXAiLCJmbGF0cmF0ZSIsbnVsbCxudWxsLG51bGwsbnVsbCxudWxsXX0=&includeCashBackCampaigns=1&isForBusinessCustomers=0&isForStudents=0&isSpecialOffer=0&newBroadbandApp=1&prefix=030&productCampaignId=19103&productId=351335&remainingTerm=0&satellite=1&simcard=0&surfstick=0&telephony=2&thome=0&trafficLimitation=1&tv=0&upSpeed=10000&vierg=0&voucher=1&wlan=0#/offer 
2020-01-20 00:13:18,256 INFO  [LoggingDetails] assertion done to see 5min videlo link 
2020-01-20 00:13:21,205 INFO  [LoggingDetails] in next step conditions will be checked 
2020-01-20 00:13:31,117 INFO  [LoggingDetails] Unable to locate element: //BUTTON[contains(text(),'weitere tarife laden')]
For documentation on this error, please visit: http://seleniumhq.org/exceptions/no_such_element.html
Build info: version: '3.14.0', revision: 'aacccce0', time: '2018-08-02T20:19:58.91Z'
System info: host: 'LAPTOP-KVHSCQRU', ip: '192.168.1.123', os.name: 'Windows 10', os.arch: 'amd64', os.version: '10.0', java.version: '1.8.0_121'
Driver info: org.openqa.selenium.firefox.FirefoxDriver
Capabilities {acceptInsecureCerts: true, browserName: firefox, browserVersion: 72.0.1, javascriptEnabled: true, moz:accessibilityChecks: false, moz:buildID: 20200107212822, moz:geckodriverVersion: 0.24.0, moz:headless: false, moz:processID: 28076, moz:profile: C:\Users\ahsan\AppData\Loca..., moz:shutdownTimeout: 60000, moz:useNonSpecCompliantPointerOrigin: false, moz:webdriverClick: true, pageLoadStrategy: normal, platform: WINDOWS, platformName: WINDOWS, platformVersion: 10.0, rotatable: false, setWindowRect: true, strictFileInteractability: false, timeouts: {implicit: 0, pageLoad: 300000, script: 30000}, unhandledPromptBehavior: dismiss and notify}
Session ID: b993da28-90f7-48e2-be75-67d7fb3baa52
*** Element info: {Using=xpath, value=//BUTTON[contains(text(),'weitere tarife laden')]} 
2020-01-20 00:13:31,117 INFO  [LoggingDetails] no more data to load 
2020-01-20 00:13:31,133 INFO  [LoggingDetails] all result list is fetched 
2020-01-20 00:13:31,152 INFO  [LoggingDetails] all tariff results loaded 
